[25-Jul-2022 03:35:14 Europe/Berlin] PHP Fatal error:  Uncaught Mpdf\MpdfException: Temporary files directory "/opt/lampp/htdocs/proyectos/proyecto_opg_nuevo/Controllers/vendor/mpdf/mpdf/src/Config/../../tmp/mpdf" is not writable in /opt/lampp/htdocs/proyectos/proyecto_opg_nuevo/Controllers/vendor/mpdf/mpdf/src/Cache.php:21
Stack trace:
#0 /opt/lampp/htdocs/proyectos/proyecto_opg_nuevo/Controllers/vendor/mpdf/mpdf/src/ServiceFactory.php(67): Mpdf\Cache->__construct('/opt/lampp/htdo...', 3600)
#1 /opt/lampp/htdocs/proyectos/proyecto_opg_nuevo/Controllers/vendor/mpdf/mpdf/src/Mpdf.php(1084): Mpdf\ServiceFactory->getServices(Object(Mpdf\Mpdf), Object(Psr\Log\NullLogger), Array, Object(Mpdf\Language\LanguageToFont), Object(Mpdf\Language\ScriptToLanguage), NULL, NULL, NULL, NULL)
#2 /opt/lampp/htdocs/proyectos/proyecto_opg_nuevo/Views/Contents/VisCreatePdfNotas.php(40): Mpdf\Mpdf->__construct()
#3 /opt/lampp/htdocs/proyectos/proyecto_opg_nuevo/index.php(29): require_once('/opt/lampp/htdo...')
#4 /opt/lampp/htdocs/proyectos/proyecto_opg_nuevo/index.php(13): App->GetVie in /opt/lampp/htdocs/proyectos/proyecto_opg_nuevo/Controllers/vendor/mpdf/mpdf/src/Cache.php on line 21
[25-Jul-2022 03:41:58 Europe/Berlin] PHP Fatal error:  Uncaught Mpdf\MpdfException: Temporary files directory "/opt/lampp/htdocs/proyectos/proyecto_opg_nuevo/Views/Contents/../../Controllers/TemporalMpdf/mpdf" is not writable in /opt/lampp/htdocs/proyectos/proyecto_opg_nuevo/Controllers/vendor/mpdf/mpdf/src/Cache.php:21
Stack trace:
#0 /opt/lampp/htdocs/proyectos/proyecto_opg_nuevo/Controllers/vendor/mpdf/mpdf/src/ServiceFactory.php(67): Mpdf\Cache->__construct('/opt/lampp/htdo...', 3600)
#1 /opt/lampp/htdocs/proyectos/proyecto_opg_nuevo/Controllers/vendor/mpdf/mpdf/src/Mpdf.php(1084): Mpdf\ServiceFactory->getServices(Object(Mpdf\Mpdf), Object(Psr\Log\NullLogger), Array, Object(Mpdf\Language\LanguageToFont), Object(Mpdf\Language\ScriptToLanguage), NULL, NULL, NULL, NULL)
#2 /opt/lampp/htdocs/proyectos/proyecto_opg_nuevo/Views/Contents/VisCreatePdfNotas.php(40): Mpdf\Mpdf->__construct(Array)
#3 /opt/lampp/htdocs/proyectos/proyecto_opg_nuevo/index.php(29): require_once('/opt/lampp/htdo...')
#4 /opt/lampp/htdocs/proyectos/proyecto_opg_nuevo/index.php(13): App->GetVi in /opt/lampp/htdocs/proyectos/proyecto_opg_nuevo/Controllers/vendor/mpdf/mpdf/src/Cache.php on line 21
[03-Aug-2022 21:40:20 Europe/Berlin] PHP Warning:  require(../Controllers/PeriodoController.php): failed to open stream: No such file or directory in /opt/lampp/htdocs/proyectos/proyecto_opg_nuevo/Views/Contents/VisPeriodo.php on line 5
[03-Aug-2022 21:40:20 Europe/Berlin] PHP Fatal error:  require(): Failed opening required '../Controllers/PeriodoController.php' (include_path='.:/opt/lampp/lib/php') in /opt/lampp/htdocs/proyectos/proyecto_opg_nuevo/Views/Contents/VisPeriodo.php on line 5
[03-Aug-2022 21:40:30 Europe/Berlin] PHP Warning:  require_once(../Models/PeriodoModel.php): failed to open stream: No such file or directory in /opt/lampp/htdocs/proyectos/proyecto_opg_nuevo/Controllers/PeriodoController.php on line 2
[03-Aug-2022 21:40:30 Europe/Berlin] PHP Fatal error:  require_once(): Failed opening required '../Models/PeriodoModel.php' (include_path='.:/opt/lampp/lib/php') in /opt/lampp/htdocs/proyectos/proyecto_opg_nuevo/Controllers/PeriodoController.php on line 2
[03-Aug-2022 21:41:27 Europe/Berlin] PHP Warning:  require_once(../../Controllers/PeriodoController.php): failed to open stream: No such file or directory in /opt/lampp/htdocs/proyectos/proyecto_opg_nuevo/Views/Contents/VisPeriodo.php on line 5
[03-Aug-2022 21:41:27 Europe/Berlin] PHP Fatal error:  require_once(): Failed opening required '../../Controllers/PeriodoController.php' (include_path='.:/opt/lampp/lib/php') in /opt/lampp/htdocs/proyectos/proyecto_opg_nuevo/Views/Contents/VisPeriodo.php on line 5
[03-Aug-2022 21:43:04 Europe/Berlin] PHP Parse error:  syntax error, unexpected 'echo' (T_ECHO) in /opt/lampp/htdocs/proyectos/proyecto_opg_nuevo/Views/Contents/VisPeriodo.php on line 9
[03-Aug-2022 21:43:36 Europe/Berlin] PHP Parse error:  syntax error, unexpected '}' in /opt/lampp/htdocs/proyectos/proyecto_opg_nuevo/Views/Contents/VisPeriodo.php on line 9
[03-Aug-2022 21:43:54 Europe/Berlin] PHP Warning:  require_once(../Models/PeriodoModel.php): failed to open stream: No such file or directory in /opt/lampp/htdocs/proyectos/proyecto_opg_nuevo/Controllers/PeriodoController.php on line 2
[03-Aug-2022 21:43:54 Europe/Berlin] PHP Fatal error:  require_once(): Failed opening required '../Models/PeriodoModel.php' (include_path='.:/opt/lampp/lib/php') in /opt/lampp/htdocs/proyectos/proyecto_opg_nuevo/Controllers/PeriodoController.php on line 2
[04-Aug-2022 18:32:24 Europe/Berlin] PHP Notice:  session_start(): A session had already been started - ignoring in /opt/lampp/htdocs/proyectos/proyecto_opg_nuevo/index.php on line 46
[04-Aug-2022 18:32:24 Europe/Berlin] PHP Notice:  session_start(): A session had already been started - ignoring in /opt/lampp/htdocs/proyectos/proyecto_opg_nuevo/index.php on line 46
[04-Aug-2022 18:32:24 Europe/Berlin] PHP Notice:  session_start(): A session had already been started - ignoring in /opt/lampp/htdocs/proyectos/proyecto_opg_nuevo/index.php on line 46
[04-Aug-2022 18:32:24 Europe/Berlin] PHP Notice:  session_start(): A session had already been started - ignoring in /opt/lampp/htdocs/proyectos/proyecto_opg_nuevo/index.php on line 46
[04-Aug-2022 18:32:24 Europe/Berlin] PHP Notice:  session_start(): A session had already been started - ignoring in /opt/lampp/htdocs/proyectos/proyecto_opg_nuevo/index.php on line 46
[04-Aug-2022 18:32:24 Europe/Berlin] PHP Notice:  session_start(): A session had already been started - ignoring in /opt/lampp/htdocs/proyectos/proyecto_opg_nuevo/index.php on line 46
[04-Aug-2022 18:32:24 Europe/Berlin] PHP Notice:  session_start(): A session had already been started - ignoring in /opt/lampp/htdocs/proyectos/proyecto_opg_nuevo/index.php on line 46
[04-Aug-2022 18:32:24 Europe/Berlin] PHP Notice:  session_start(): A session had already been started - ignoring in /opt/lampp/htdocs/proyectos/proyecto_opg_nuevo/index.php on line 46
[04-Aug-2022 18:32:24 Europe/Berlin] PHP Notice:  session_start(): A session had already been started - ignoring in /opt/lampp/htdocs/proyectos/proyecto_opg_nuevo/index.php on line 46
[04-Aug-2022 18:32:24 Europe/Berlin] PHP Notice:  session_start(): A session had already been started - ignoring in /opt/lampp/htdocs/proyectos/proyecto_opg_nuevo/index.php on line 46
[04-Aug-2022 18:32:24 Europe/Berlin] PHP Notice:  session_start(): A session had already been started - ignoring in /opt/lampp/htdocs/proyectos/proyecto_opg_nuevo/index.php on line 46
[04-Aug-2022 18:32:24 Europe/Berlin] PHP Notice:  session_start(): A session had already been started - ignoring in /opt/lampp/htdocs/proyectos/proyecto_opg_nuevo/index.php on line 46
[04-Aug-2022 18:32:24 Europe/Berlin] PHP Notice:  session_start(): A session had already been started - ignoring in /opt/lampp/htdocs/proyectos/proyecto_opg_nuevo/index.php on line 46
[04-Aug-2022 18:32:24 Europe/Berlin] PHP Notice:  session_start(): A session had already been started - ignoring in /opt/lampp/htdocs/proyectos/proyecto_opg_nuevo/index.php on line 46
[04-Aug-2022 18:32:24 Europe/Berlin] PHP Notice:  session_start(): A session had already been started - ignoring in /opt/lampp/htdocs/proyectos/proyecto_opg_nuevo/index.php on line 46
[04-Aug-2022 18:32:24 Europe/Berlin] PHP Notice:  session_start(): A session had already been started - ignoring in /opt/lampp/htdocs/proyectos/proyecto_opg_nuevo/index.php on line 46
[04-Aug-2022 18:32:24 Europe/Berlin] PHP Notice:  session_start(): A session had already been started - ignoring in /opt/lampp/htdocs/proyectos/proyecto_opg_nuevo/index.php on line 46
[04-Aug-2022 18:32:24 Europe/Berlin] PHP Notice:  session_start(): A session had already been started - ignoring in /opt/lampp/htdocs/proyectos/proyecto_opg_nuevo/index.php on line 46
[04-Aug-2022 18:32:24 Europe/Berlin] PHP Notice:  session_start(): A session had already been started - ignoring in /opt/lampp/htdocs/proyectos/proyecto_opg_nuevo/index.php on line 46
[04-Aug-2022 18:32:24 Europe/Berlin] PHP Notice:  session_start(): A session had already been started - ignoring in /opt/lampp/htdocs/proyectos/proyecto_opg_nuevo/index.php on line 46
[04-Aug-2022 18:32:25 Europe/Berlin] PHP Notice:  session_start(): A session had already been started - ignoring in /opt/lampp/htdocs/proyectos/proyecto_opg_nuevo/index.php on line 46
[04-Aug-2022 18:32:25 Europe/Berlin] PHP Notice:  session_start(): A session had already been started - ignoring in /opt/lampp/htdocs/proyectos/proyecto_opg_nuevo/index.php on line 46
[04-Aug-2022 18:32:25 Europe/Berlin] PHP Notice:  session_start(): A session had already been started - ignoring in /opt/lampp/htdocs/proyectos/proyecto_opg_nuevo/index.php on line 46
[04-Aug-2022 18:32:25 Europe/Berlin] PHP Notice:  session_start(): A session had already been started - ignoring in /opt/lampp/htdocs/proyectos/proyecto_opg_nuevo/index.php on line 46
[04-Aug-2022 18:32:25 Europe/Berlin] PHP Notice:  session_start(): A session had already been started - ignoring in /opt/lampp/htdocs/proyectos/proyecto_opg_nuevo/index.php on line 46
[04-Aug-2022 18:32:25 Europe/Berlin] PHP Notice:  session_start(): A session had already been started - ignoring in /opt/lampp/htdocs/proyectos/proyecto_opg_nuevo/index.php on line 46
[04-Aug-2022 18:32:25 Europe/Berlin] PHP Notice:  session_start(): A session had already been started - ignoring in /opt/lampp/htdocs/proyectos/proyecto_opg_nuevo/index.php on line 46
[04-Aug-2022 18:32:25 Europe/Berlin] PHP Notice:  session_start(): A session had already been started - ignoring in /opt/lampp/htdocs/proyectos/proyecto_opg_nuevo/index.php on line 46
[04-Aug-2022 18:32:25 Europe/Berlin] PHP Notice:  session_start(): A session had already been started - ignoring in /opt/lampp/htdocs/proyectos/proyecto_opg_nuevo/index.php on line 46
[04-Aug-2022 18:32:25 Europe/Berlin] PHP Notice:  session_start(): A session had already been started - ignoring in /opt/lampp/htdocs/proyectos/proyecto_opg_nuevo/index.php on line 46
[04-Aug-2022 18:32:25 Europe/Berlin] PHP Notice:  session_start(): A session had already been started - ignoring in /opt/lampp/htdocs/proyectos/proyecto_opg_nuevo/index.php on line 46
[04-Aug-2022 18:32:25 Europe/Berlin] PHP Notice:  session_start(): A session had already been started - ignoring in /opt/lampp/htdocs/proyectos/proyecto_opg_nuevo/index.php on line 46
[04-Aug-2022 18:32:25 Europe/Berlin] PHP Notice:  session_start(): A session had already been started - ignoring in /opt/lampp/htdocs/proyectos/proyecto_opg_nuevo/index.php on line 46
[04-Aug-2022 18:32:25 Europe/Berlin] PHP Notice:  session_start(): A session had already been started - ignoring in /opt/lampp/htdocs/proyectos/proyecto_opg_nuevo/index.php on line 46
[04-Aug-2022 18:32:25 Europe/Berlin] PHP Notice:  session_start(): A session had already been started - ignoring in /opt/lampp/htdocs/proyectos/proyecto_opg_nuevo/index.php on line 46
[04-Aug-2022 18:32:25 Europe/Berlin] PHP Notice:  session_start(): A session had already been started - ignoring in /opt/lampp/htdocs/proyectos/proyecto_opg_nuevo/index.php on line 46
[04-Aug-2022 18:32:25 Europe/Berlin] PHP Notice:  session_start(): A session had already been started - ignoring in /opt/lampp/htdocs/proyectos/proyecto_opg_nuevo/index.php on line 46
[04-Aug-2022 18:32:25 Europe/Berlin] PHP Notice:  session_start(): A session had already been started - ignoring in /opt/lampp/htdocs/proyectos/proyecto_opg_nuevo/index.php on line 46
[04-Aug-2022 18:32:25 Europe/Berlin] PHP Notice:  session_start(): A session had already been started - ignoring in /opt/lampp/htdocs/proyectos/proyecto_opg_nuevo/index.php on line 46
[04-Aug-2022 18:32:25 Europe/Berlin] PHP Notice:  session_start(): A session had already been started - ignoring in /opt/lampp/htdocs/proyectos/proyecto_opg_nuevo/index.php on line 46
[04-Aug-2022 18:32:31 Europe/Berlin] PHP Notice:  session_start(): A session had already been started - ignoring in /opt/lampp/htdocs/proyectos/proyecto_opg_nuevo/index.php on line 46
[04-Aug-2022 18:32:31 Europe/Berlin] PHP Notice:  session_start(): A session had already been started - ignoring in /opt/lampp/htdocs/proyectos/proyecto_opg_nuevo/index.php on line 46
[04-Aug-2022 18:32:31 Europe/Berlin] PHP Notice:  session_start(): A session had already been started - ignoring in /opt/lampp/htdocs/proyectos/proyecto_opg_nuevo/index.php on line 46
[04-Aug-2022 18:32:31 Europe/Berlin] PHP Notice:  session_start(): A session had already been started - ignoring in /opt/lampp/htdocs/proyectos/proyecto_opg_nuevo/index.php on line 46
[04-Aug-2022 18:32:31 Europe/Berlin] PHP Notice:  session_start(): A session had already been started - ignoring in /opt/lampp/htdocs/proyectos/proyecto_opg_nuevo/index.php on line 46
[04-Aug-2022 18:32:31 Europe/Berlin] PHP Notice:  session_start(): A session had already been started - ignoring in /opt/lampp/htdocs/proyectos/proyecto_opg_nuevo/index.php on line 46
[04-Aug-2022 18:32:31 Europe/Berlin] PHP Notice:  session_start(): A session had already been started - ignoring in /opt/lampp/htdocs/proyectos/proyecto_opg_nuevo/index.php on line 46
[04-Aug-2022 18:32:31 Europe/Berlin] PHP Notice:  session_start(): A session had already been started - ignoring in /opt/lampp/htdocs/proyectos/proyecto_opg_nuevo/index.php on line 46
[04-Aug-2022 18:32:31 Europe/Berlin] PHP Notice:  session_start(): A session had already been started - ignoring in /opt/lampp/htdocs/proyectos/proyecto_opg_nuevo/index.php on line 46
[04-Aug-2022 18:32:31 Europe/Berlin] PHP Notice:  session_start(): A session had already been started - ignoring in /opt/lampp/htdocs/proyectos/proyecto_opg_nuevo/index.php on line 46
[04-Aug-2022 18:32:31 Europe/Berlin] PHP Notice:  session_start(): A session had already been started - ignoring in /opt/lampp/htdocs/proyectos/proyecto_opg_nuevo/index.php on line 46
[04-Aug-2022 18:32:31 Europe/Berlin] PHP Notice:  session_start(): A session had already been started - ignoring in /opt/lampp/htdocs/proyectos/proyecto_opg_nuevo/index.php on line 46
[04-Aug-2022 18:32:31 Europe/Berlin] PHP Notice:  session_start(): A session had already been started - ignoring in /opt/lampp/htdocs/proyectos/proyecto_opg_nuevo/index.php on line 46
[04-Aug-2022 18:32:31 Europe/Berlin] PHP Notice:  session_start(): A session had already been started - ignoring in /opt/lampp/htdocs/proyectos/proyecto_opg_nuevo/index.php on line 46
[04-Aug-2022 18:32:31 Europe/Berlin] PHP Notice:  session_start(): A session had already been started - ignoring in /opt/lampp/htdocs/proyectos/proyecto_opg_nuevo/index.php on line 46
[04-Aug-2022 18:32:31 Europe/Berlin] PHP Notice:  session_start(): A session had already been started - ignoring in /opt/lampp/htdocs/proyectos/proyecto_opg_nuevo/index.php on line 46
[04-Aug-2022 18:32:31 Europe/Berlin] PHP Notice:  session_start(): A session had already been started - ignoring in /opt/lampp/htdocs/proyectos/proyecto_opg_nuevo/index.php on line 46
[04-Aug-2022 18:32:31 Europe/Berlin] PHP Notice:  session_start(): A session had already been started - ignoring in /opt/lampp/htdocs/proyectos/proyecto_opg_nuevo/index.php on line 46
[04-Aug-2022 18:32:31 Europe/Berlin] PHP Notice:  session_start(): A session had already been started - ignoring in /opt/lampp/htdocs/proyectos/proyecto_opg_nuevo/index.php on line 46
[04-Aug-2022 18:32:31 Europe/Berlin] PHP Notice:  session_start(): A session had already been started - ignoring in /opt/lampp/htdocs/proyectos/proyecto_opg_nuevo/index.php on line 46
[04-Aug-2022 18:33:01 Europe/Berlin] PHP Notice:  session_start(): A session had already been started - ignoring in /opt/lampp/htdocs/proyectos/proyecto_opg_nuevo/index.php on line 46
[04-Aug-2022 18:33:01 Europe/Berlin] PHP Notice:  session_start(): A session had already been started - ignoring in /opt/lampp/htdocs/proyectos/proyecto_opg_nuevo/index.php on line 46
[04-Aug-2022 18:33:01 Europe/Berlin] PHP Notice:  session_start(): A session had already been started - ignoring in /opt/lampp/htdocs/proyectos/proyecto_opg_nuevo/index.php on line 46
[04-Aug-2022 18:33:01 Europe/Berlin] PHP Notice:  session_start(): A session had already been started - ignoring in /opt/lampp/htdocs/proyectos/proyecto_opg_nuevo/index.php on line 46
[04-Aug-2022 18:33:01 Europe/Berlin] PHP Notice:  session_start(): A session had already been started - ignoring in /opt/lampp/htdocs/proyectos/proyecto_opg_nuevo/index.php on line 46
[04-Aug-2022 18:33:01 Europe/Berlin] PHP Notice:  session_start(): A session had already been started - ignoring in /opt/lampp/htdocs/proyectos/proyecto_opg_nuevo/index.php on line 46
[04-Aug-2022 18:33:01 Europe/Berlin] PHP Notice:  session_start(): A session had already been started - ignoring in /opt/lampp/htdocs/proyectos/proyecto_opg_nuevo/index.php on line 46
[04-Aug-2022 18:33:01 Europe/Berlin] PHP Notice:  session_start(): A session had already been started - ignoring in /opt/lampp/htdocs/proyectos/proyecto_opg_nuevo/index.php on line 46
[04-Aug-2022 18:33:01 Europe/Berlin] PHP Notice:  session_start(): A session had already been started - ignoring in /opt/lampp/htdocs/proyectos/proyecto_opg_nuevo/index.php on line 46
[04-Aug-2022 18:33:01 Europe/Berlin] PHP Notice:  session_start(): A session had already been started - ignoring in /opt/lampp/htdocs/proyectos/proyecto_opg_nuevo/index.php on line 46
[04-Aug-2022 18:33:01 Europe/Berlin] PHP Notice:  session_start(): A session had already been started - ignoring in /opt/lampp/htdocs/proyectos/proyecto_opg_nuevo/index.php on line 46
[04-Aug-2022 18:33:01 Europe/Berlin] PHP Notice:  session_start(): A session had already been started - ignoring in /opt/lampp/htdocs/proyectos/proyecto_opg_nuevo/index.php on line 46
[04-Aug-2022 18:33:01 Europe/Berlin] PHP Notice:  session_start(): A session had already been started - ignoring in /opt/lampp/htdocs/proyectos/proyecto_opg_nuevo/index.php on line 46
[04-Aug-2022 18:33:01 Europe/Berlin] PHP Notice:  session_start(): A session had already been started - ignoring in /opt/lampp/htdocs/proyectos/proyecto_opg_nuevo/index.php on line 46
[04-Aug-2022 18:33:01 Europe/Berlin] PHP Notice:  session_start(): A session had already been started - ignoring in /opt/lampp/htdocs/proyectos/proyecto_opg_nuevo/index.php on line 46
[04-Aug-2022 18:33:01 Europe/Berlin] PHP Notice:  session_start(): A session had already been started - ignoring in /opt/lampp/htdocs/proyectos/proyecto_opg_nuevo/index.php on line 46
[04-Aug-2022 18:33:01 Europe/Berlin] PHP Notice:  session_start(): A session had already been started - ignoring in /opt/lampp/htdocs/proyectos/proyecto_opg_nuevo/index.php on line 46
[04-Aug-2022 18:33:01 Europe/Berlin] PHP Notice:  session_start(): A session had already been started - ignoring in /opt/lampp/htdocs/proyectos/proyecto_opg_nuevo/index.php on line 46
[04-Aug-2022 18:33:01 Europe/Berlin] PHP Notice:  session_start(): A session had already been started - ignoring in /opt/lampp/htdocs/proyectos/proyecto_opg_nuevo/index.php on line 46
[04-Aug-2022 18:33:01 Europe/Berlin] PHP Notice:  session_start(): A session had already been started - ignoring in /opt/lampp/htdocs/proyectos/proyecto_opg_nuevo/index.php on line 46
[04-Aug-2022 18:33:14 Europe/Berlin] PHP Notice:  session_start(): A session had already been started - ignoring in /opt/lampp/htdocs/proyectos/proyecto_opg_nuevo/index.php on line 46
[04-Aug-2022 18:33:14 Europe/Berlin] PHP Notice:  session_start(): A session had already been started - ignoring in /opt/lampp/htdocs/proyectos/proyecto_opg_nuevo/index.php on line 46
[04-Aug-2022 18:33:14 Europe/Berlin] PHP Notice:  session_start(): A session had already been started - ignoring in /opt/lampp/htdocs/proyectos/proyecto_opg_nuevo/index.php on line 46
[04-Aug-2022 18:33:14 Europe/Berlin] PHP Notice:  session_start(): A session had already been started - ignoring in /opt/lampp/htdocs/proyectos/proyecto_opg_nuevo/index.php on line 46
[04-Aug-2022 18:33:14 Europe/Berlin] PHP Notice:  session_start(): A session had already been started - ignoring in /opt/lampp/htdocs/proyectos/proyecto_opg_nuevo/index.php on line 46
[04-Aug-2022 18:33:15 Europe/Berlin] PHP Notice:  session_start(): A session had already been started - ignoring in /opt/lampp/htdocs/proyectos/proyecto_opg_nuevo/index.php on line 46
[04-Aug-2022 18:33:15 Europe/Berlin] PHP Notice:  session_start(): A session had already been started - ignoring in /opt/lampp/htdocs/proyectos/proyecto_opg_nuevo/index.php on line 46
[04-Aug-2022 18:33:15 Europe/Berlin] PHP Notice:  session_start(): A session had already been started - ignoring in /opt/lampp/htdocs/proyectos/proyecto_opg_nuevo/index.php on line 46
[04-Aug-2022 18:33:15 Europe/Berlin] PHP Notice:  session_start(): A session had already been started - ignoring in /opt/lampp/htdocs/proyectos/proyecto_opg_nuevo/index.php on line 46
[04-Aug-2022 18:33:15 Europe/Berlin] PHP Notice:  session_start(): A session had already been started - ignoring in /opt/lampp/htdocs/proyectos/proyecto_opg_nuevo/index.php on line 46
[04-Aug-2022 18:33:15 Europe/Berlin] PHP Notice:  session_start(): A session had already been started - ignoring in /opt/lampp/htdocs/proyectos/proyecto_opg_nuevo/index.php on line 46
[04-Aug-2022 18:33:15 Europe/Berlin] PHP Notice:  session_start(): A session had already been started - ignoring in /opt/lampp/htdocs/proyectos/proyecto_opg_nuevo/index.php on line 46
[04-Aug-2022 18:33:15 Europe/Berlin] PHP Notice:  session_start(): A session had already been started - ignoring in /opt/lampp/htdocs/proyectos/proyecto_opg_nuevo/index.php on line 46
[04-Aug-2022 18:33:15 Europe/Berlin] PHP Notice:  session_start(): A session had already been started - ignoring in /opt/lampp/htdocs/proyectos/proyecto_opg_nuevo/index.php on line 46
[04-Aug-2022 18:33:15 Europe/Berlin] PHP Notice:  session_start(): A session had already been started - ignoring in /opt/lampp/htdocs/proyectos/proyecto_opg_nuevo/index.php on line 46
[04-Aug-2022 18:33:15 Europe/Berlin] PHP Notice:  session_start(): A session had already been started - ignoring in /opt/lampp/htdocs/proyectos/proyecto_opg_nuevo/index.php on line 46
[04-Aug-2022 18:33:15 Europe/Berlin] PHP Notice:  session_start(): A session had already been started - ignoring in /opt/lampp/htdocs/proyectos/proyecto_opg_nuevo/index.php on line 46
[04-Aug-2022 18:33:15 Europe/Berlin] PHP Notice:  session_start(): A session had already been started - ignoring in /opt/lampp/htdocs/proyectos/proyecto_opg_nuevo/index.php on line 46
[04-Aug-2022 18:33:15 Europe/Berlin] PHP Notice:  session_start(): A session had already been started - ignoring in /opt/lampp/htdocs/proyectos/proyecto_opg_nuevo/index.php on line 46
[04-Aug-2022 18:33:15 Europe/Berlin] PHP Notice:  session_start(): A session had already been started - ignoring in /opt/lampp/htdocs/proyectos/proyecto_opg_nuevo/index.php on line 46
[04-Aug-2022 18:33:16 Europe/Berlin] PHP Notice:  session_start(): A session had already been started - ignoring in /opt/lampp/htdocs/proyectos/proyecto_opg_nuevo/index.php on line 46
[04-Aug-2022 18:33:16 Europe/Berlin] PHP Notice:  session_start(): A session had already been started - ignoring in /opt/lampp/htdocs/proyectos/proyecto_opg_nuevo/index.php on line 46
[04-Aug-2022 18:33:16 Europe/Berlin] PHP Notice:  session_start(): A session had already been started - ignoring in /opt/lampp/htdocs/proyectos/proyecto_opg_nuevo/index.php on line 46
[04-Aug-2022 18:33:16 Europe/Berlin] PHP Notice:  session_start(): A session had already been started - ignoring in /opt/lampp/htdocs/proyectos/proyecto_opg_nuevo/index.php on line 46
[04-Aug-2022 18:33:16 Europe/Berlin] PHP Notice:  session_start(): A session had already been started - ignoring in /opt/lampp/htdocs/proyectos/proyecto_opg_nuevo/index.php on line 46
[04-Aug-2022 18:33:16 Europe/Berlin] PHP Notice:  session_start(): A session had already been started - ignoring in /opt/lampp/htdocs/proyectos/proyecto_opg_nuevo/index.php on line 46
[04-Aug-2022 18:33:16 Europe/Berlin] PHP Notice:  session_start(): A session had already been started - ignoring in /opt/lampp/htdocs/proyectos/proyecto_opg_nuevo/index.php on line 46
[04-Aug-2022 18:33:16 Europe/Berlin] PHP Notice:  session_start(): A session had already been started - ignoring in /opt/lampp/htdocs/proyectos/proyecto_opg_nuevo/index.php on line 46
[04-Aug-2022 18:33:16 Europe/Berlin] PHP Notice:  session_start(): A session had already been started - ignoring in /opt/lampp/htdocs/proyectos/proyecto_opg_nuevo/index.php on line 46
[04-Aug-2022 18:33:16 Europe/Berlin] PHP Notice:  session_start(): A session had already been started - ignoring in /opt/lampp/htdocs/proyectos/proyecto_opg_nuevo/index.php on line 46
[04-Aug-2022 18:33:16 Europe/Berlin] PHP Notice:  session_start(): A session had already been started - ignoring in /opt/lampp/htdocs/proyectos/proyecto_opg_nuevo/index.php on line 46
[04-Aug-2022 18:33:16 Europe/Berlin] PHP Notice:  session_start(): A session had already been started - ignoring in /opt/lampp/htdocs/proyectos/proyecto_opg_nuevo/index.php on line 46
[04-Aug-2022 18:33:16 Europe/Berlin] PHP Notice:  session_start(): A session had already been started - ignoring in /opt/lampp/htdocs/proyectos/proyecto_opg_nuevo/index.php on line 46
[04-Aug-2022 18:33:16 Europe/Berlin] PHP Notice:  session_start(): A session had already been started - ignoring in /opt/lampp/htdocs/proyectos/proyecto_opg_nuevo/index.php on line 46
[04-Aug-2022 18:33:16 Europe/Berlin] PHP Notice:  session_start(): A session had already been started - ignoring in /opt/lampp/htdocs/proyectos/proyecto_opg_nuevo/index.php on line 46
[04-Aug-2022 18:33:16 Europe/Berlin] PHP Notice:  session_start(): A session had already been started - ignoring in /opt/lampp/htdocs/proyectos/proyecto_opg_nuevo/index.php on line 46
[04-Aug-2022 18:33:16 Europe/Berlin] PHP Notice:  session_start(): A session had already been started - ignoring in /opt/lampp/htdocs/proyectos/proyecto_opg_nuevo/index.php on line 46
[04-Aug-2022 18:33:16 Europe/Berlin] PHP Notice:  session_start(): A session had already been started - ignoring in /opt/lampp/htdocs/proyectos/proyecto_opg_nuevo/index.php on line 46
[04-Aug-2022 18:33:16 Europe/Berlin] PHP Notice:  session_start(): A session had already been started - ignoring in /opt/lampp/htdocs/proyectos/proyecto_opg_nuevo/index.php on line 46
[04-Aug-2022 18:33:16 Europe/Berlin] PHP Notice:  session_start(): A session had already been started - ignoring in /opt/lampp/htdocs/proyectos/proyecto_opg_nuevo/index.php on line 46
[04-Aug-2022 18:33:28 Europe/Berlin] PHP Notice:  session_start(): A session had already been started - ignoring in /opt/lampp/htdocs/proyectos/proyecto_opg_nuevo/index.php on line 46
[04-Aug-2022 18:33:28 Europe/Berlin] PHP Notice:  session_start(): A session had already been started - ignoring in /opt/lampp/htdocs/proyectos/proyecto_opg_nuevo/index.php on line 46
[04-Aug-2022 18:33:28 Europe/Berlin] PHP Notice:  session_start(): A session had already been started - ignoring in /opt/lampp/htdocs/proyectos/proyecto_opg_nuevo/index.php on line 46
[04-Aug-2022 18:33:28 Europe/Berlin] PHP Notice:  session_start(): A session had already been started - ignoring in /opt/lampp/htdocs/proyectos/proyecto_opg_nuevo/index.php on line 46
[04-Aug-2022 18:33:28 Europe/Berlin] PHP Notice:  session_start(): A session had already been started - ignoring in /opt/lampp/htdocs/proyectos/proyecto_opg_nuevo/index.php on line 46
[04-Aug-2022 18:33:28 Europe/Berlin] PHP Notice:  session_start(): A session had already been started - ignoring in /opt/lampp/htdocs/proyectos/proyecto_opg_nuevo/index.php on line 46
[04-Aug-2022 18:33:28 Europe/Berlin] PHP Notice:  session_start(): A session had already been started - ignoring in /opt/lampp/htdocs/proyectos/proyecto_opg_nuevo/index.php on line 46
[04-Aug-2022 18:33:28 Europe/Berlin] PHP Notice:  session_start(): A session had already been started - ignoring in /opt/lampp/htdocs/proyectos/proyecto_opg_nuevo/index.php on line 46
[04-Aug-2022 18:33:28 Europe/Berlin] PHP Notice:  session_start(): A session had already been started - ignoring in /opt/lampp/htdocs/proyectos/proyecto_opg_nuevo/index.php on line 46
[04-Aug-2022 18:33:28 Europe/Berlin] PHP Notice:  session_start(): A session had already been started - ignoring in /opt/lampp/htdocs/proyectos/proyecto_opg_nuevo/index.php on line 46
[04-Aug-2022 18:33:28 Europe/Berlin] PHP Notice:  session_start(): A session had already been started - ignoring in /opt/lampp/htdocs/proyectos/proyecto_opg_nuevo/index.php on line 46
[04-Aug-2022 18:33:28 Europe/Berlin] PHP Notice:  session_start(): A session had already been started - ignoring in /opt/lampp/htdocs/proyectos/proyecto_opg_nuevo/index.php on line 46
[04-Aug-2022 18:33:28 Europe/Berlin] PHP Notice:  session_start(): A session had already been started - ignoring in /opt/lampp/htdocs/proyectos/proyecto_opg_nuevo/index.php on line 46
[04-Aug-2022 18:33:28 Europe/Berlin] PHP Notice:  session_start(): A session had already been started - ignoring in /opt/lampp/htdocs/proyectos/proyecto_opg_nuevo/index.php on line 46
[04-Aug-2022 18:33:28 Europe/Berlin] PHP Notice:  session_start(): A session had already been started - ignoring in /opt/lampp/htdocs/proyectos/proyecto_opg_nuevo/index.php on line 46
[04-Aug-2022 18:33:28 Europe/Berlin] PHP Notice:  session_start(): A session had already been started - ignoring in /opt/lampp/htdocs/proyectos/proyecto_opg_nuevo/index.php on line 46
[04-Aug-2022 18:33:28 Europe/Berlin] PHP Notice:  session_start(): A session had already been started - ignoring in /opt/lampp/htdocs/proyectos/proyecto_opg_nuevo/index.php on line 46
[04-Aug-2022 18:33:28 Europe/Berlin] PHP Notice:  session_start(): A session had already been started - ignoring in /opt/lampp/htdocs/proyectos/proyecto_opg_nuevo/index.php on line 46
[04-Aug-2022 18:33:28 Europe/Berlin] PHP Notice:  session_start(): A session had already been started - ignoring in /opt/lampp/htdocs/proyectos/proyecto_opg_nuevo/index.php on line 46
[04-Aug-2022 18:33:28 Europe/Berlin] PHP Notice:  session_start(): A session had already been started - ignoring in /opt/lampp/htdocs/proyectos/proyecto_opg_nuevo/index.php on line 46
[04-Aug-2022 18:34:04 Europe/Berlin] PHP Notice:  session_start(): A session had already been started - ignoring in /opt/lampp/htdocs/proyectos/proyecto_opg_nuevo/index.php on line 47
[04-Aug-2022 18:34:28 Europe/Berlin] PHP Notice:  session_start(): A session had already been started - ignoring in /opt/lampp/htdocs/proyectos/proyecto_opg_nuevo/index.php on line 47
[04-Aug-2022 18:34:53 Europe/Berlin] PHP Notice:  session_start(): A session had already been started - ignoring in /opt/lampp/htdocs/proyectos/proyecto_opg_nuevo/index.php on line 49
[04-Aug-2022 18:35:43 Europe/Berlin] PHP Notice:  session_start(): A session had already been started - ignoring in /opt/lampp/htdocs/proyectos/proyecto_opg_nuevo/index.php on line 50
[04-Aug-2022 18:44:27 Europe/Berlin] PHP Notice:  session_start(): A session had already been started - ignoring in /opt/lampp/htdocs/proyectos/proyecto_opg_nuevo/index.php on line 53
[04-Aug-2022 18:44:27 Europe/Berlin] PHP Notice:  session_start(): A session had already been started - ignoring in /opt/lampp/htdocs/proyectos/proyecto_opg_nuevo/index.php on line 53
[04-Aug-2022 18:44:27 Europe/Berlin] PHP Notice:  session_start(): A session had already been started - ignoring in /opt/lampp/htdocs/proyectos/proyecto_opg_nuevo/index.php on line 53
[04-Aug-2022 18:44:27 Europe/Berlin] PHP Notice:  session_start(): A session had already been started - ignoring in /opt/lampp/htdocs/proyectos/proyecto_opg_nuevo/index.php on line 53
[04-Aug-2022 18:44:27 Europe/Berlin] PHP Notice:  session_start(): A session had already been started - ignoring in /opt/lampp/htdocs/proyectos/proyecto_opg_nuevo/index.php on line 53
[04-Aug-2022 18:44:27 Europe/Berlin] PHP Notice:  session_start(): A session had already been started - ignoring in /opt/lampp/htdocs/proyectos/proyecto_opg_nuevo/index.php on line 53
[04-Aug-2022 18:44:27 Europe/Berlin] PHP Notice:  session_start(): A session had already been started - ignoring in /opt/lampp/htdocs/proyectos/proyecto_opg_nuevo/index.php on line 53
[04-Aug-2022 18:44:27 Europe/Berlin] PHP Notice:  session_start(): A session had already been started - ignoring in /opt/lampp/htdocs/proyectos/proyecto_opg_nuevo/index.php on line 53
[04-Aug-2022 18:44:27 Europe/Berlin] PHP Notice:  session_start(): A session had already been started - ignoring in /opt/lampp/htdocs/proyectos/proyecto_opg_nuevo/index.php on line 53
[04-Aug-2022 18:44:28 Europe/Berlin] PHP Notice:  session_start(): A session had already been started - ignoring in /opt/lampp/htdocs/proyectos/proyecto_opg_nuevo/index.php on line 53
[04-Aug-2022 18:44:28 Europe/Berlin] PHP Notice:  session_start(): A session had already been started - ignoring in /opt/lampp/htdocs/proyectos/proyecto_opg_nuevo/index.php on line 53
[04-Aug-2022 18:44:28 Europe/Berlin] PHP Notice:  session_start(): A session had already been started - ignoring in /opt/lampp/htdocs/proyectos/proyecto_opg_nuevo/index.php on line 53
[04-Aug-2022 18:44:28 Europe/Berlin] PHP Notice:  session_start(): A session had already been started - ignoring in /opt/lampp/htdocs/proyectos/proyecto_opg_nuevo/index.php on line 53
[04-Aug-2022 18:44:28 Europe/Berlin] PHP Notice:  session_start(): A session had already been started - ignoring in /opt/lampp/htdocs/proyectos/proyecto_opg_nuevo/index.php on line 53
[04-Aug-2022 18:44:28 Europe/Berlin] PHP Notice:  session_start(): A session had already been started - ignoring in /opt/lampp/htdocs/proyectos/proyecto_opg_nuevo/index.php on line 53
[04-Aug-2022 18:44:28 Europe/Berlin] PHP Notice:  session_start(): A session had already been started - ignoring in /opt/lampp/htdocs/proyectos/proyecto_opg_nuevo/index.php on line 53
[04-Aug-2022 18:44:28 Europe/Berlin] PHP Notice:  session_start(): A session had already been started - ignoring in /opt/lampp/htdocs/proyectos/proyecto_opg_nuevo/index.php on line 53
[04-Aug-2022 18:44:28 Europe/Berlin] PHP Notice:  session_start(): A session had already been started - ignoring in /opt/lampp/htdocs/proyectos/proyecto_opg_nuevo/index.php on line 53
[04-Aug-2022 18:44:28 Europe/Berlin] PHP Notice:  session_start(): A session had already been started - ignoring in /opt/lampp/htdocs/proyectos/proyecto_opg_nuevo/index.php on line 53
[04-Aug-2022 18:44:28 Europe/Berlin] PHP Notice:  session_start(): A session had already been started - ignoring in /opt/lampp/htdocs/proyectos/proyecto_opg_nuevo/index.php on line 53
[04-Aug-2022 18:44:29 Europe/Berlin] PHP Notice:  session_start(): A session had already been started - ignoring in /opt/lampp/htdocs/proyectos/proyecto_opg_nuevo/index.php on line 53
[04-Aug-2022 18:44:29 Europe/Berlin] PHP Notice:  session_start(): A session had already been started - ignoring in /opt/lampp/htdocs/proyectos/proyecto_opg_nuevo/index.php on line 53
[04-Aug-2022 18:44:29 Europe/Berlin] PHP Notice:  session_start(): A session had already been started - ignoring in /opt/lampp/htdocs/proyectos/proyecto_opg_nuevo/index.php on line 53
[04-Aug-2022 18:44:29 Europe/Berlin] PHP Notice:  session_start(): A session had already been started - ignoring in /opt/lampp/htdocs/proyectos/proyecto_opg_nuevo/index.php on line 53
[04-Aug-2022 18:44:29 Europe/Berlin] PHP Notice:  session_start(): A session had already been started - ignoring in /opt/lampp/htdocs/proyectos/proyecto_opg_nuevo/index.php on line 53
[04-Aug-2022 18:44:29 Europe/Berlin] PHP Notice:  session_start(): A session had already been started - ignoring in /opt/lampp/htdocs/proyectos/proyecto_opg_nuevo/index.php on line 53
[04-Aug-2022 18:44:29 Europe/Berlin] PHP Notice:  session_start(): A session had already been started - ignoring in /opt/lampp/htdocs/proyectos/proyecto_opg_nuevo/index.php on line 53
[04-Aug-2022 18:44:29 Europe/Berlin] PHP Notice:  session_start(): A session had already been started - ignoring in /opt/lampp/htdocs/proyectos/proyecto_opg_nuevo/index.php on line 53
[04-Aug-2022 18:44:29 Europe/Berlin] PHP Notice:  session_start(): A session had already been started - ignoring in /opt/lampp/htdocs/proyectos/proyecto_opg_nuevo/index.php on line 53
[04-Aug-2022 18:44:29 Europe/Berlin] PHP Notice:  session_start(): A session had already been started - ignoring in /opt/lampp/htdocs/proyectos/proyecto_opg_nuevo/index.php on line 53
[04-Aug-2022 18:44:29 Europe/Berlin] PHP Notice:  session_start(): A session had already been started - ignoring in /opt/lampp/htdocs/proyectos/proyecto_opg_nuevo/index.php on line 53
[04-Aug-2022 18:44:29 Europe/Berlin] PHP Notice:  session_start(): A session had already been started - ignoring in /opt/lampp/htdocs/proyectos/proyecto_opg_nuevo/index.php on line 53
[04-Aug-2022 18:44:29 Europe/Berlin] PHP Notice:  session_start(): A session had already been started - ignoring in /opt/lampp/htdocs/proyectos/proyecto_opg_nuevo/index.php on line 53
[04-Aug-2022 18:44:29 Europe/Berlin] PHP Notice:  session_start(): A session had already been started - ignoring in /opt/lampp/htdocs/proyectos/proyecto_opg_nuevo/index.php on line 53
[04-Aug-2022 18:44:29 Europe/Berlin] PHP Notice:  session_start(): A session had already been started - ignoring in /opt/lampp/htdocs/proyectos/proyecto_opg_nuevo/index.php on line 53
[04-Aug-2022 18:44:29 Europe/Berlin] PHP Notice:  session_start(): A session had already been started - ignoring in /opt/lampp/htdocs/proyectos/proyecto_opg_nuevo/index.php on line 53
[04-Aug-2022 18:44:29 Europe/Berlin] PHP Notice:  session_start(): A session had already been started - ignoring in /opt/lampp/htdocs/proyectos/proyecto_opg_nuevo/index.php on line 53
[04-Aug-2022 18:44:29 Europe/Berlin] PHP Notice:  session_start(): A session had already been started - ignoring in /opt/lampp/htdocs/proyectos/proyecto_opg_nuevo/index.php on line 53
[04-Aug-2022 18:44:29 Europe/Berlin] PHP Notice:  session_start(): A session had already been started - ignoring in /opt/lampp/htdocs/proyectos/proyecto_opg_nuevo/index.php on line 53
[04-Aug-2022 18:44:29 Europe/Berlin] PHP Notice:  session_start(): A session had already been started - ignoring in /opt/lampp/htdocs/proyectos/proyecto_opg_nuevo/index.php on line 53
[04-Aug-2022 18:44:34 Europe/Berlin] PHP Notice:  session_start(): A session had already been started - ignoring in /opt/lampp/htdocs/proyectos/proyecto_opg_nuevo/index.php on line 53
[04-Aug-2022 18:44:34 Europe/Berlin] PHP Notice:  session_start(): A session had already been started - ignoring in /opt/lampp/htdocs/proyectos/proyecto_opg_nuevo/index.php on line 53
[04-Aug-2022 18:44:34 Europe/Berlin] PHP Notice:  session_start(): A session had already been started - ignoring in /opt/lampp/htdocs/proyectos/proyecto_opg_nuevo/index.php on line 53
[04-Aug-2022 18:44:34 Europe/Berlin] PHP Notice:  session_start(): A session had already been started - ignoring in /opt/lampp/htdocs/proyectos/proyecto_opg_nuevo/index.php on line 53
[04-Aug-2022 18:44:34 Europe/Berlin] PHP Notice:  session_start(): A session had already been started - ignoring in /opt/lampp/htdocs/proyectos/proyecto_opg_nuevo/index.php on line 53
[04-Aug-2022 18:44:34 Europe/Berlin] PHP Notice:  session_start(): A session had already been started - ignoring in /opt/lampp/htdocs/proyectos/proyecto_opg_nuevo/index.php on line 53
[04-Aug-2022 18:44:34 Europe/Berlin] PHP Notice:  session_start(): A session had already been started - ignoring in /opt/lampp/htdocs/proyectos/proyecto_opg_nuevo/index.php on line 53
[04-Aug-2022 18:44:34 Europe/Berlin] PHP Notice:  session_start(): A session had already been started - ignoring in /opt/lampp/htdocs/proyectos/proyecto_opg_nuevo/index.php on line 53
[04-Aug-2022 18:44:34 Europe/Berlin] PHP Notice:  session_start(): A session had already been started - ignoring in /opt/lampp/htdocs/proyectos/proyecto_opg_nuevo/index.php on line 53
[04-Aug-2022 18:44:34 Europe/Berlin] PHP Notice:  session_start(): A session had already been started - ignoring in /opt/lampp/htdocs/proyectos/proyecto_opg_nuevo/index.php on line 53
[04-Aug-2022 18:44:34 Europe/Berlin] PHP Notice:  session_start(): A session had already been started - ignoring in /opt/lampp/htdocs/proyectos/proyecto_opg_nuevo/index.php on line 53
[04-Aug-2022 18:44:34 Europe/Berlin] PHP Notice:  session_start(): A session had already been started - ignoring in /opt/lampp/htdocs/proyectos/proyecto_opg_nuevo/index.php on line 53
[04-Aug-2022 18:44:34 Europe/Berlin] PHP Notice:  session_start(): A session had already been started - ignoring in /opt/lampp/htdocs/proyectos/proyecto_opg_nuevo/index.php on line 53
[04-Aug-2022 18:44:34 Europe/Berlin] PHP Notice:  session_start(): A session had already been started - ignoring in /opt/lampp/htdocs/proyectos/proyecto_opg_nuevo/index.php on line 53
[04-Aug-2022 18:44:34 Europe/Berlin] PHP Notice:  session_start(): A session had already been started - ignoring in /opt/lampp/htdocs/proyectos/proyecto_opg_nuevo/index.php on line 53
[04-Aug-2022 18:44:34 Europe/Berlin] PHP Notice:  session_start(): A session had already been started - ignoring in /opt/lampp/htdocs/proyectos/proyecto_opg_nuevo/index.php on line 53
[04-Aug-2022 18:44:34 Europe/Berlin] PHP Notice:  session_start(): A session had already been started - ignoring in /opt/lampp/htdocs/proyectos/proyecto_opg_nuevo/index.php on line 53
[04-Aug-2022 18:44:34 Europe/Berlin] PHP Notice:  session_start(): A session had already been started - ignoring in /opt/lampp/htdocs/proyectos/proyecto_opg_nuevo/index.php on line 53
[04-Aug-2022 18:44:34 Europe/Berlin] PHP Notice:  session_start(): A session had already been started - ignoring in /opt/lampp/htdocs/proyectos/proyecto_opg_nuevo/index.php on line 53
[04-Aug-2022 18:44:34 Europe/Berlin] PHP Notice:  session_start(): A session had already been started - ignoring in /opt/lampp/htdocs/proyectos/proyecto_opg_nuevo/index.php on line 53
[04-Aug-2022 18:45:43 Europe/Berlin] PHP Notice:  session_start(): A session had already been started - ignoring in /opt/lampp/htdocs/proyectos/proyecto_opg_nuevo/index.php on line 61
[04-Aug-2022 20:58:39 Europe/Berlin] PHP Notice:  session_start(): A session had already been started - ignoring in /opt/lampp/htdocs/proyectos/proyecto_opg_nuevo/index.php on line 48
[05-Aug-2022 17:04:10 Europe/Berlin] PHP Notice:  session_start(): A session had already been started - ignoring in /opt/lampp/htdocs/proyectos/proyecto_opg_nuevo/index.php on line 44
[05-Aug-2022 17:04:41 Europe/Berlin] PHP Notice:  session_start(): A session had already been started - ignoring in /opt/lampp/htdocs/proyectos/proyecto_opg_nuevo/index.php on line 44
[24-Mar-2022 01:18:18 Europe/Berlin] PHP Notice:  session_start(): A session had already been started - ignoring in /opt/lampp/htdocs/proyectos/proyecto_opg_nuevo/index.php on line 44
[24-Mar-2022 01:18:46 Europe/Berlin] PHP Notice:  session_start(): A session had already been started - ignoring in /opt/lampp/htdocs/proyectos/proyecto_opg_nuevo/index.php on line 44
[24-Mar-2022 01:18:46 Europe/Berlin] PHP Notice:  session_start(): A session had already been started - ignoring in /opt/lampp/htdocs/proyectos/proyecto_opg_nuevo/index.php on line 44
[24-Mar-2022 01:18:52 Europe/Berlin] PHP Notice:  session_start(): A session had already been started - ignoring in /opt/lampp/htdocs/proyectos/proyecto_opg_nuevo/index.php on line 44
[24-Mar-2022 01:40:56 Europe/Berlin] PHP Notice:  session_start(): A session had already been started - ignoring in /opt/lampp/htdocs/proyectos/proyecto_opg_nuevo/index.php on line 44
[24-Mar-2022 01:45:19 Europe/Berlin] PHP Notice:  session_start(): A session had already been started - ignoring in /opt/lampp/htdocs/proyectos/proyecto_opg_nuevo/index.php on line 44
[24-Mar-2022 01:45:51 Europe/Berlin] PHP Notice:  session_start(): A session had already been started - ignoring in /opt/lampp/htdocs/proyectos/proyecto_opg_nuevo/index.php on line 44
[24-Mar-2022 01:46:55 Europe/Berlin] PHP Notice:  session_start(): A session had already been started - ignoring in /opt/lampp/htdocs/proyectos/proyecto_opg_nuevo/index.php on line 44
[24-Mar-2022 01:48:27 Europe/Berlin] PHP Notice:  session_start(): A session had already been started - ignoring in /opt/lampp/htdocs/proyectos/proyecto_opg_nuevo/index.php on line 44
[24-Mar-2022 01:48:58 Europe/Berlin] PHP Notice:  session_start(): A session had already been started - ignoring in /opt/lampp/htdocs/proyectos/proyecto_opg_nuevo/index.php on line 44
[24-Mar-2022 01:49:39 Europe/Berlin] PHP Notice:  session_start(): A session had already been started - ignoring in /opt/lampp/htdocs/proyectos/proyecto_opg_nuevo/index.php on line 44
[24-Mar-2022 01:50:14 Europe/Berlin] PHP Notice:  session_start(): A session had already been started - ignoring in /opt/lampp/htdocs/proyectos/proyecto_opg_nuevo/index.php on line 44
[24-Mar-2022 01:52:21 Europe/Berlin] PHP Notice:  session_start(): A session had already been started - ignoring in /opt/lampp/htdocs/proyectos/proyecto_opg_nuevo/index.php on line 44
[24-Mar-2022 01:53:24 Europe/Berlin] PHP Notice:  session_start(): A session had already been started - ignoring in /opt/lampp/htdocs/proyectos/proyecto_opg_nuevo/index.php on line 44
[24-Mar-2022 01:55:26 Europe/Berlin] PHP Notice:  session_start(): A session had already been started - ignoring in /opt/lampp/htdocs/proyectos/proyecto_opg_nuevo/index.php on line 44
[24-Mar-2022 01:56:14 Europe/Berlin] PHP Notice:  session_start(): A session had already been started - ignoring in /opt/lampp/htdocs/proyectos/proyecto_opg_nuevo/index.php on line 44
[24-Mar-2022 01:58:34 Europe/Berlin] PHP Notice:  session_start(): A session had already been started - ignoring in /opt/lampp/htdocs/proyectos/proyecto_opg_nuevo/index.php on line 44
[24-Mar-2022 02:02:38 Europe/Berlin] PHP Notice:  session_start(): A session had already been started - ignoring in /opt/lampp/htdocs/proyectos/proyecto_opg_nuevo/index.php on line 44
[24-Mar-2022 02:11:30 Europe/Berlin] PHP Notice:  session_start(): A session had already been started - ignoring in /opt/lampp/htdocs/proyectos/proyecto_opg_nuevo/index.php on line 44
[24-Mar-2022 02:25:09 Europe/Berlin] PHP Notice:  session_start(): A session had already been started - ignoring in /opt/lampp/htdocs/proyectos/proyecto_opg_nuevo/index.php on line 44
[24-Mar-2022 02:25:18 Europe/Berlin] PHP Notice:  session_start(): A session had already been started - ignoring in /opt/lampp/htdocs/proyectos/proyecto_opg_nuevo/index.php on line 44
[24-Mar-2022 02:25:48 Europe/Berlin] PHP Notice:  session_start(): A session had already been started - ignoring in /opt/lampp/htdocs/proyectos/proyecto_opg_nuevo/index.php on line 44
[24-Mar-2022 02:25:48 Europe/Berlin] PHP Notice:  session_start(): A session had already been started - ignoring in /opt/lampp/htdocs/proyectos/proyecto_opg_nuevo/index.php on line 44
[24-Mar-2022 02:26:08 Europe/Berlin] PHP Notice:  session_start(): A session had already been started - ignoring in /opt/lampp/htdocs/proyectos/proyecto_opg_nuevo/index.php on line 44
[24-Mar-2022 02:27:21 Europe/Berlin] PHP Notice:  session_start(): A session had already been started - ignoring in /opt/lampp/htdocs/proyectos/proyecto_opg_nuevo/index.php on line 44
[24-Mar-2022 02:27:58 Europe/Berlin] PHP Notice:  session_start(): A session had already been started - ignoring in /opt/lampp/htdocs/proyectos/proyecto_opg_nuevo/index.php on line 44
[24-Mar-2022 02:29:40 Europe/Berlin] PHP Notice:  session_start(): A session had already been started - ignoring in /opt/lampp/htdocs/proyectos/proyecto_opg_nuevo/index.php on line 44
[24-Mar-2022 02:33:36 Europe/Berlin] PHP Notice:  session_start(): A session had already been started - ignoring in /opt/lampp/htdocs/proyectos/proyecto_opg_nuevo/index.php on line 44
[24-Mar-2022 02:35:40 Europe/Berlin] PHP Notice:  session_start(): A session had already been started - ignoring in /opt/lampp/htdocs/proyectos/proyecto_opg_nuevo/index.php on line 44
[24-Mar-2022 02:37:02 Europe/Berlin] PHP Notice:  session_start(): A session had already been started - ignoring in /opt/lampp/htdocs/proyectos/proyecto_opg_nuevo/index.php on line 44
[24-Mar-2022 02:37:44 Europe/Berlin] PHP Notice:  session_start(): A session had already been started - ignoring in /opt/lampp/htdocs/proyectos/proyecto_opg_nuevo/index.php on line 44
[24-Mar-2022 02:38:20 Europe/Berlin] PHP Notice:  session_start(): A session had already been started - ignoring in /opt/lampp/htdocs/proyectos/proyecto_opg_nuevo/index.php on line 44
[24-Mar-2022 02:38:44 Europe/Berlin] PHP Notice:  session_start(): A session had already been started - ignoring in /opt/lampp/htdocs/proyectos/proyecto_opg_nuevo/index.php on line 44
[24-Mar-2022 02:39:07 Europe/Berlin] PHP Notice:  session_start(): A session had already been started - ignoring in /opt/lampp/htdocs/proyectos/proyecto_opg_nuevo/index.php on line 44
[24-Mar-2022 02:39:37 Europe/Berlin] PHP Notice:  session_start(): A session had already been started - ignoring in /opt/lampp/htdocs/proyectos/proyecto_opg_nuevo/index.php on line 44
[24-Mar-2022 02:39:56 Europe/Berlin] PHP Notice:  session_start(): A session had already been started - ignoring in /opt/lampp/htdocs/proyectos/proyecto_opg_nuevo/index.php on line 44
[24-Mar-2022 02:40:18 Europe/Berlin] PHP Notice:  session_start(): A session had already been started - ignoring in /opt/lampp/htdocs/proyectos/proyecto_opg_nuevo/index.php on line 44
[24-Mar-2022 02:41:29 Europe/Berlin] PHP Notice:  session_start(): A session had already been started - ignoring in /opt/lampp/htdocs/proyectos/proyecto_opg_nuevo/index.php on line 44
[24-Mar-2022 02:42:32 Europe/Berlin] PHP Notice:  session_start(): A session had already been started - ignoring in /opt/lampp/htdocs/proyectos/proyecto_opg_nuevo/index.php on line 44
[24-Mar-2022 02:43:48 Europe/Berlin] PHP Notice:  session_start(): A session had already been started - ignoring in /opt/lampp/htdocs/proyectos/proyecto_opg_nuevo/index.php on line 44
[24-Mar-2022 02:46:21 Europe/Berlin] PHP Notice:  session_start(): A session had already been started - ignoring in /opt/lampp/htdocs/proyectos/proyecto_opg_nuevo/index.php on line 44
[24-Mar-2022 02:47:55 Europe/Berlin] PHP Notice:  session_start(): A session had already been started - ignoring in /opt/lampp/htdocs/proyectos/proyecto_opg_nuevo/index.php on line 44
[24-Mar-2022 02:51:03 Europe/Berlin] PHP Notice:  session_start(): A session had already been started - ignoring in /opt/lampp/htdocs/proyectos/proyecto_opg_nuevo/index.php on line 44
[24-Mar-2022 02:52:00 Europe/Berlin] PHP Notice:  session_start(): A session had already been started - ignoring in /opt/lampp/htdocs/proyectos/proyecto_opg_nuevo/index.php on line 44
[24-Mar-2022 02:52:30 Europe/Berlin] PHP Notice:  session_start(): A session had already been started - ignoring in /opt/lampp/htdocs/proyectos/proyecto_opg_nuevo/index.php on line 44
[24-Mar-2022 02:55:01 Europe/Berlin] PHP Notice:  session_start(): A session had already been started - ignoring in /opt/lampp/htdocs/proyectos/proyecto_opg_nuevo/index.php on line 44
[24-Mar-2022 03:42:43 Europe/Berlin] PHP Notice:  session_start(): A session had already been started - ignoring in /opt/lampp/htdocs/proyectos/proyecto_opg_nuevo/index.php on line 44
[24-Mar-2022 03:53:45 Europe/Berlin] PHP Notice:  session_start(): A session had already been started - ignoring in /opt/lampp/htdocs/proyectos/proyecto_opg_nuevo/index.php on line 44
[24-Mar-2022 03:55:31 Europe/Berlin] PHP Notice:  session_start(): A session had already been started - ignoring in /opt/lampp/htdocs/proyectos/proyecto_opg_nuevo/index.php on line 44
[24-Mar-2022 03:57:35 Europe/Berlin] PHP Notice:  session_start(): A session had already been started - ignoring in /opt/lampp/htdocs/proyectos/proyecto_opg_nuevo/index.php on line 44
[24-Mar-2022 04:00:57 Europe/Berlin] PHP Notice:  session_start(): A session had already been started - ignoring in /opt/lampp/htdocs/proyectos/proyecto_opg_nuevo/index.php on line 44
[24-Mar-2022 04:01:22 Europe/Berlin] PHP Notice:  session_start(): A session had already been started - ignoring in /opt/lampp/htdocs/proyectos/proyecto_opg_nuevo/index.php on line 44
[24-Mar-2022 04:03:34 Europe/Berlin] PHP Notice:  session_start(): A session had already been started - ignoring in /opt/lampp/htdocs/proyectos/proyecto_opg_nuevo/index.php on line 44
[24-Mar-2022 04:04:34 Europe/Berlin] PHP Notice:  session_start(): A session had already been started - ignoring in /opt/lampp/htdocs/proyectos/proyecto_opg_nuevo/index.php on line 44
[24-Mar-2022 04:05:25 Europe/Berlin] PHP Notice:  session_start(): A session had already been started - ignoring in /opt/lampp/htdocs/proyectos/proyecto_opg_nuevo/index.php on line 44
[24-Mar-2022 04:06:03 Europe/Berlin] PHP Notice:  session_start(): A session had already been started - ignoring in /opt/lampp/htdocs/proyectos/proyecto_opg_nuevo/index.php on line 44
[24-Mar-2022 04:06:13 Europe/Berlin] PHP Notice:  session_start(): A session had already been started - ignoring in /opt/lampp/htdocs/proyectos/proyecto_opg_nuevo/index.php on line 44
[24-Mar-2022 04:06:23 Europe/Berlin] PHP Notice:  session_start(): A session had already been started - ignoring in /opt/lampp/htdocs/proyectos/proyecto_opg_nuevo/index.php on line 44
[24-Mar-2022 04:06:44 Europe/Berlin] PHP Notice:  session_start(): A session had already been started - ignoring in /opt/lampp/htdocs/proyectos/proyecto_opg_nuevo/index.php on line 44
[24-Mar-2022 04:06:51 Europe/Berlin] PHP Notice:  session_start(): A session had already been started - ignoring in /opt/lampp/htdocs/proyectos/proyecto_opg_nuevo/index.php on line 44
[24-Mar-2022 04:07:30 Europe/Berlin] PHP Notice:  session_start(): A session had already been started - ignoring in /opt/lampp/htdocs/proyectos/proyecto_opg_nuevo/index.php on line 44
[24-Mar-2022 04:11:14 Europe/Berlin] PHP Notice:  session_start(): A session had already been started - ignoring in /opt/lampp/htdocs/proyectos/proyecto_opg_nuevo/index.php on line 44
[24-Mar-2022 04:12:24 Europe/Berlin] PHP Notice:  session_start(): A session had already been started - ignoring in /opt/lampp/htdocs/proyectos/proyecto_opg_nuevo/index.php on line 44
[24-Mar-2022 04:13:06 Europe/Berlin] PHP Notice:  session_start(): A session had already been started - ignoring in /opt/lampp/htdocs/proyectos/proyecto_opg_nuevo/index.php on line 44
[24-Mar-2022 04:15:29 Europe/Berlin] PHP Notice:  session_start(): A session had already been started - ignoring in /opt/lampp/htdocs/proyectos/proyecto_opg_nuevo/index.php on line 44
[24-Mar-2022 05:40:06 Europe/Berlin] PHP Notice:  session_start(): A session had already been started - ignoring in /opt/lampp/htdocs/proyectos/proyecto_opg_nuevo/index.php on line 44
[24-Mar-2022 05:41:01 Europe/Berlin] PHP Notice:  session_start(): A session had already been started - ignoring in /opt/lampp/htdocs/proyectos/proyecto_opg_nuevo/index.php on line 44
[24-Mar-2022 05:42:27 Europe/Berlin] PHP Notice:  session_start(): A session had already been started - ignoring in /opt/lampp/htdocs/proyectos/proyecto_opg_nuevo/index.php on line 44
[24-Mar-2022 05:46:22 Europe/Berlin] PHP Notice:  session_start(): A session had already been started - ignoring in /opt/lampp/htdocs/proyectos/proyecto_opg_nuevo/index.php on line 44
[24-Mar-2022 05:47:59 Europe/Berlin] PHP Notice:  session_start(): A session had already been started - ignoring in /opt/lampp/htdocs/proyectos/proyecto_opg_nuevo/index.php on line 44
[24-Mar-2022 05:54:20 Europe/Berlin] PHP Notice:  session_start(): A session had already been started - ignoring in /opt/lampp/htdocs/proyectos/proyecto_opg_nuevo/index.php on line 44
[24-Mar-2022 05:58:58 Europe/Berlin] PHP Notice:  session_start(): A session had already been started - ignoring in /opt/lampp/htdocs/proyectos/proyecto_opg_nuevo/index.php on line 44
[24-Mar-2022 06:01:41 Europe/Berlin] PHP Notice:  session_start(): A session had already been started - ignoring in /opt/lampp/htdocs/proyectos/proyecto_opg_nuevo/index.php on line 44
[24-Mar-2022 06:03:38 Europe/Berlin] PHP Notice:  session_start(): A session had already been started - ignoring in /opt/lampp/htdocs/proyectos/proyecto_opg_nuevo/index.php on line 44
[24-Mar-2022 06:04:44 Europe/Berlin] PHP Notice:  session_start(): A session had already been started - ignoring in /opt/lampp/htdocs/proyectos/proyecto_opg_nuevo/index.php on line 44
[24-Mar-2022 06:05:29 Europe/Berlin] PHP Notice:  session_start(): A session had already been started - ignoring in /opt/lampp/htdocs/proyectos/proyecto_opg_nuevo/index.php on line 44
[24-Mar-2022 06:06:42 Europe/Berlin] PHP Notice:  session_start(): A session had already been started - ignoring in /opt/lampp/htdocs/proyectos/proyecto_opg_nuevo/index.php on line 44
[24-Mar-2022 06:12:39 Europe/Berlin] PHP Notice:  session_start(): A session had already been started - ignoring in /opt/lampp/htdocs/proyectos/proyecto_opg_nuevo/index.php on line 44
[24-Mar-2022 06:14:30 Europe/Berlin] PHP Notice:  session_start(): A session had already been started - ignoring in /opt/lampp/htdocs/proyectos/proyecto_opg_nuevo/index.php on line 44
[24-Mar-2022 06:45:31 Europe/Berlin] PHP Notice:  session_start(): A session had already been started - ignoring in /opt/lampp/htdocs/proyectos/proyecto_opg_nuevo/index.php on line 44
[24-Mar-2022 06:45:41 Europe/Berlin] PHP Notice:  session_start(): A session had already been started - ignoring in /opt/lampp/htdocs/proyectos/proyecto_opg_nuevo/index.php on line 44
[24-Mar-2022 06:46:33 Europe/Berlin] PHP Notice:  session_start(): A session had already been started - ignoring in /opt/lampp/htdocs/proyectos/proyecto_opg_nuevo/index.php on line 44
[24-Mar-2022 07:37:11 Europe/Berlin] PHP Notice:  session_start(): A session had already been started - ignoring in /opt/lampp/htdocs/proyectos/proyecto_opg_nuevo/index.php on line 44
[24-Mar-2022 07:39:33 Europe/Berlin] PHP Notice:  session_start(): A session had already been started - ignoring in /opt/lampp/htdocs/proyectos/proyecto_opg_nuevo/index.php on line 44
[24-Mar-2022 07:40:57 Europe/Berlin] PHP Notice:  session_start(): A session had already been started - ignoring in /opt/lampp/htdocs/proyectos/proyecto_opg_nuevo/index.php on line 44
[24-Mar-2022 07:41:07 Europe/Berlin] PHP Notice:  session_start(): A session had already been started - ignoring in /opt/lampp/htdocs/proyectos/proyecto_opg_nuevo/index.php on line 44
[24-Mar-2022 07:49:27 Europe/Berlin] PHP Notice:  session_start(): A session had already been started - ignoring in /opt/lampp/htdocs/proyectos/proyecto_opg_nuevo/index.php on line 44
[24-Mar-2022 07:51:02 Europe/Berlin] PHP Notice:  session_start(): A session had already been started - ignoring in /opt/lampp/htdocs/proyectos/proyecto_opg_nuevo/index.php on line 44
[24-Mar-2022 07:51:37 Europe/Berlin] PHP Notice:  session_start(): A session had already been started - ignoring in /opt/lampp/htdocs/proyectos/proyecto_opg_nuevo/index.php on line 44
[24-Mar-2022 07:53:04 Europe/Berlin] PHP Notice:  session_start(): A session had already been started - ignoring in /opt/lampp/htdocs/proyectos/proyecto_opg_nuevo/index.php on line 44
[24-Mar-2022 07:54:20 Europe/Berlin] PHP Notice:  session_start(): A session had already been started - ignoring in /opt/lampp/htdocs/proyectos/proyecto_opg_nuevo/index.php on line 44
[24-Mar-2022 07:54:34 Europe/Berlin] PHP Notice:  session_start(): A session had already been started - ignoring in /opt/lampp/htdocs/proyectos/proyecto_opg_nuevo/index.php on line 44
[24-Mar-2022 07:55:09 Europe/Berlin] PHP Notice:  session_start(): A session had already been started - ignoring in /opt/lampp/htdocs/proyectos/proyecto_opg_nuevo/index.php on line 44
[24-Mar-2022 07:56:35 Europe/Berlin] PHP Notice:  session_start(): A session had already been started - ignoring in /opt/lampp/htdocs/proyectos/proyecto_opg_nuevo/index.php on line 44
[24-Mar-2022 08:16:41 Europe/Berlin] PHP Notice:  session_start(): A session had already been started - ignoring in /opt/lampp/htdocs/proyectos/proyecto_opg_nuevo/index.php on line 44
[24-Mar-2022 08:17:32 Europe/Berlin] PHP Notice:  session_start(): A session had already been started - ignoring in /opt/lampp/htdocs/proyectos/proyecto_opg_nuevo/index.php on line 44
[24-Mar-2022 08:17:49 Europe/Berlin] PHP Notice:  session_start(): A session had already been started - ignoring in /opt/lampp/htdocs/proyectos/proyecto_opg_nuevo/index.php on line 44
[24-Mar-2022 08:18:23 Europe/Berlin] PHP Notice:  session_start(): A session had already been started - ignoring in /opt/lampp/htdocs/proyectos/proyecto_opg_nuevo/index.php on line 44
[24-Mar-2022 08:20:41 Europe/Berlin] PHP Notice:  session_start(): A session had already been started - ignoring in /opt/lampp/htdocs/proyectos/proyecto_opg_nuevo/index.php on line 44
[24-Mar-2022 08:22:39 Europe/Berlin] PHP Notice:  session_start(): A session had already been started - ignoring in /opt/lampp/htdocs/proyectos/proyecto_opg_nuevo/index.php on line 44
[24-Mar-2022 08:25:43 Europe/Berlin] PHP Notice:  session_start(): A session had already been started - ignoring in /opt/lampp/htdocs/proyectos/proyecto_opg_nuevo/index.php on line 44
[24-Mar-2022 08:26:28 Europe/Berlin] PHP Notice:  session_start(): A session had already been started - ignoring in /opt/lampp/htdocs/proyectos/proyecto_opg_nuevo/index.php on line 44
[24-Mar-2022 12:29:52 Europe/Berlin] PHP Notice:  session_start(): A session had already been started - ignoring in /opt/lampp/htdocs/proyectos/proyecto_opg_nuevo/index.php on line 44
[24-Mar-2022 12:30:48 Europe/Berlin] PHP Notice:  session_start(): A session had already been started - ignoring in /opt/lampp/htdocs/proyectos/proyecto_opg_nuevo/index.php on line 44
[24-Mar-2022 12:32:52 Europe/Berlin] PHP Notice:  session_start(): A session had already been started - ignoring in /opt/lampp/htdocs/proyectos/proyecto_opg_nuevo/index.php on line 44
[24-Mar-2022 12:33:27 Europe/Berlin] PHP Notice:  session_start(): A session had already been started - ignoring in /opt/lampp/htdocs/proyectos/proyecto_opg_nuevo/index.php on line 44
[24-Mar-2022 12:33:41 Europe/Berlin] PHP Notice:  session_start(): A session had already been started - ignoring in /opt/lampp/htdocs/proyectos/proyecto_opg_nuevo/index.php on line 44
[24-Mar-2022 12:34:44 Europe/Berlin] PHP Notice:  session_start(): A session had already been started - ignoring in /opt/lampp/htdocs/proyectos/proyecto_opg_nuevo/index.php on line 44
[24-Mar-2022 12:38:34 Europe/Berlin] PHP Notice:  session_start(): A session had already been started - ignoring in /opt/lampp/htdocs/proyectos/proyecto_opg_nuevo/index.php on line 44
[24-Mar-2022 12:38:47 Europe/Berlin] PHP Notice:  session_start(): A session had already been started - ignoring in /opt/lampp/htdocs/proyectos/proyecto_opg_nuevo/index.php on line 44
[24-Mar-2022 12:48:10 Europe/Berlin] PHP Notice:  session_start(): A session had already been started - ignoring in /opt/lampp/htdocs/proyectos/proyecto_opg_nuevo/index.php on line 44
[24-Mar-2022 12:48:35 Europe/Berlin] PHP Notice:  session_start(): A session had already been started - ignoring in /opt/lampp/htdocs/proyectos/proyecto_opg_nuevo/index.php on line 44
[24-Mar-2022 12:52:20 Europe/Berlin] PHP Notice:  session_start(): A session had already been started - ignoring in /opt/lampp/htdocs/proyectos/proyecto_opg_nuevo/index.php on line 44
[24-Mar-2022 12:52:50 Europe/Berlin] PHP Notice:  session_start(): A session had already been started - ignoring in /opt/lampp/htdocs/proyectos/proyecto_opg_nuevo/index.php on line 44
[24-Mar-2022 12:53:50 Europe/Berlin] PHP Notice:  session_start(): A session had already been started - ignoring in /opt/lampp/htdocs/proyectos/proyecto_opg_nuevo/index.php on line 44
[24-Mar-2022 12:55:53 Europe/Berlin] PHP Notice:  session_start(): A session had already been started - ignoring in /opt/lampp/htdocs/proyectos/proyecto_opg_nuevo/index.php on line 44
[24-Mar-2022 12:57:36 Europe/Berlin] PHP Notice:  session_start(): A session had already been started - ignoring in /opt/lampp/htdocs/proyectos/proyecto_opg_nuevo/index.php on line 44
[24-Mar-2022 12:58:14 Europe/Berlin] PHP Notice:  session_start(): A session had already been started - ignoring in /opt/lampp/htdocs/proyectos/proyecto_opg_nuevo/index.php on line 44
[24-Mar-2022 13:10:35 Europe/Berlin] PHP Notice:  session_start(): A session had already been started - ignoring in /opt/lampp/htdocs/proyectos/proyecto_opg_nuevo/index.php on line 44
[23-Mar-2022 14:41:35 Europe/Berlin] PHP Notice:  session_start(): A session had already been started - ignoring in /opt/lampp/htdocs/proyectos/proyecto_opg_nuevo/index.php on line 44
[23-Mar-2022 14:42:42 Europe/Berlin] PHP Notice:  session_start(): A session had already been started - ignoring in /opt/lampp/htdocs/proyectos/proyecto_opg_nuevo/index.php on line 44
[23-Mar-2022 14:47:47 Europe/Berlin] PHP Notice:  session_start(): A session had already been started - ignoring in /opt/lampp/htdocs/proyectos/proyecto_opg_nuevo/index.php on line 44
[23-Mar-2022 14:48:29 Europe/Berlin] PHP Notice:  session_start(): A session had already been started - ignoring in /opt/lampp/htdocs/proyectos/proyecto_opg_nuevo/index.php on line 44
[23-Mar-2022 14:48:40 Europe/Berlin] PHP Notice:  session_start(): A session had already been started - ignoring in /opt/lampp/htdocs/proyectos/proyecto_opg_nuevo/index.php on line 44
[23-Mar-2022 14:48:57 Europe/Berlin] PHP Notice:  session_start(): A session had already been started - ignoring in /opt/lampp/htdocs/proyectos/proyecto_opg_nuevo/index.php on line 44
[23-Mar-2022 14:49:21 Europe/Berlin] PHP Notice:  session_start(): A session had already been started - ignoring in /opt/lampp/htdocs/proyectos/proyecto_opg_nuevo/index.php on line 44
[23-Mar-2022 14:49:36 Europe/Berlin] PHP Notice:  session_start(): A session had already been started - ignoring in /opt/lampp/htdocs/proyectos/proyecto_opg_nuevo/index.php on line 44
[23-Mar-2022 14:49:47 Europe/Berlin] PHP Notice:  session_start(): A session had already been started - ignoring in /opt/lampp/htdocs/proyectos/proyecto_opg_nuevo/index.php on line 44
[23-Mar-2022 14:50:02 Europe/Berlin] PHP Notice:  session_start(): A session had already been started - ignoring in /opt/lampp/htdocs/proyectos/proyecto_opg_nuevo/index.php on line 44
[23-Mar-2022 14:51:27 Europe/Berlin] PHP Notice:  session_start(): A session had already been started - ignoring in /opt/lampp/htdocs/proyectos/proyecto_opg_nuevo/index.php on line 44
[23-Mar-2022 14:52:39 Europe/Berlin] PHP Notice:  session_start(): A session had already been started - ignoring in /opt/lampp/htdocs/proyectos/proyecto_opg_nuevo/index.php on line 44
[23-Mar-2022 14:53:09 Europe/Berlin] PHP Notice:  session_start(): A session had already been started - ignoring in /opt/lampp/htdocs/proyectos/proyecto_opg_nuevo/index.php on line 44
[23-Mar-2022 14:53:32 Europe/Berlin] PHP Notice:  session_start(): A session had already been started - ignoring in /opt/lampp/htdocs/proyectos/proyecto_opg_nuevo/index.php on line 44
[23-Mar-2022 14:53:54 Europe/Berlin] PHP Notice:  session_start(): A session had already been started - ignoring in /opt/lampp/htdocs/proyectos/proyecto_opg_nuevo/index.php on line 44
[23-Mar-2022 14:54:22 Europe/Berlin] PHP Notice:  session_start(): A session had already been started - ignoring in /opt/lampp/htdocs/proyectos/proyecto_opg_nuevo/index.php on line 44
[23-Mar-2022 15:04:04 Europe/Berlin] PHP Notice:  session_start(): A session had already been started - ignoring in /opt/lampp/htdocs/proyectos/proyecto_opg_nuevo/index.php on line 44
[23-Mar-2022 15:07:45 Europe/Berlin] PHP Notice:  session_start(): A session had already been started - ignoring in /opt/lampp/htdocs/proyectos/proyecto_opg_nuevo/index.php on line 44
[23-Mar-2022 15:09:26 Europe/Berlin] PHP Notice:  session_start(): A session had already been started - ignoring in /opt/lampp/htdocs/proyectos/proyecto_opg_nuevo/index.php on line 44
[23-Mar-2022 15:10:36 Europe/Berlin] PHP Notice:  session_start(): A session had already been started - ignoring in /opt/lampp/htdocs/proyectos/proyecto_opg_nuevo/index.php on line 44
[23-Mar-2022 15:11:19 Europe/Berlin] PHP Notice:  session_start(): A session had already been started - ignoring in /opt/lampp/htdocs/proyectos/proyecto_opg_nuevo/index.php on line 44
[23-Mar-2022 15:12:25 Europe/Berlin] PHP Notice:  session_start(): A session had already been started - ignoring in /opt/lampp/htdocs/proyectos/proyecto_opg_nuevo/index.php on line 44
[23-Mar-2022 15:13:37 Europe/Berlin] PHP Notice:  session_start(): A session had already been started - ignoring in /opt/lampp/htdocs/proyectos/proyecto_opg_nuevo/index.php on line 44
[23-Mar-2022 15:15:15 Europe/Berlin] PHP Notice:  session_start(): A session had already been started - ignoring in /opt/lampp/htdocs/proyectos/proyecto_opg_nuevo/index.php on line 44
[23-Mar-2022 15:16:59 Europe/Berlin] PHP Notice:  session_start(): A session had already been started - ignoring in /opt/lampp/htdocs/proyectos/proyecto_opg_nuevo/index.php on line 44
[23-Mar-2022 15:17:57 Europe/Berlin] PHP Notice:  session_start(): A session had already been started - ignoring in /opt/lampp/htdocs/proyectos/proyecto_opg_nuevo/index.php on line 44
[23-Mar-2022 15:18:36 Europe/Berlin] PHP Notice:  session_start(): A session had already been started - ignoring in /opt/lampp/htdocs/proyectos/proyecto_opg_nuevo/index.php on line 44
[23-Mar-2022 15:19:11 Europe/Berlin] PHP Notice:  session_start(): A session had already been started - ignoring in /opt/lampp/htdocs/proyectos/proyecto_opg_nuevo/index.php on line 44
[23-Mar-2022 15:19:29 Europe/Berlin] PHP Notice:  session_start(): A session had already been started - ignoring in /opt/lampp/htdocs/proyectos/proyecto_opg_nuevo/index.php on line 44
[23-Mar-2022 15:20:02 Europe/Berlin] PHP Notice:  session_start(): A session had already been started - ignoring in /opt/lampp/htdocs/proyectos/proyecto_opg_nuevo/index.php on line 44
[23-Mar-2022 15:41:19 Europe/Berlin] PHP Notice:  session_start(): A session had already been started - ignoring in /opt/lampp/htdocs/proyectos/proyecto_opg_nuevo/index.php on line 44
[23-Mar-2022 15:43:15 Europe/Berlin] PHP Notice:  session_start(): A session had already been started - ignoring in /opt/lampp/htdocs/proyectos/proyecto_opg_nuevo/index.php on line 44
[23-Mar-2022 15:44:26 Europe/Berlin] PHP Notice:  session_start(): A session had already been started - ignoring in /opt/lampp/htdocs/proyectos/proyecto_opg_nuevo/index.php on line 44
[23-Mar-2022 15:46:56 Europe/Berlin] PHP Notice:  session_start(): A session had already been started - ignoring in /opt/lampp/htdocs/proyectos/proyecto_opg_nuevo/index.php on line 44
[23-Mar-2022 15:47:54 Europe/Berlin] PHP Notice:  session_start(): A session had already been started - ignoring in /opt/lampp/htdocs/proyectos/proyecto_opg_nuevo/index.php on line 44
[23-Mar-2022 15:48:52 Europe/Berlin] PHP Notice:  session_start(): A session had already been started - ignoring in /opt/lampp/htdocs/proyectos/proyecto_opg_nuevo/index.php on line 44
[23-Mar-2022 15:49:11 Europe/Berlin] PHP Notice:  session_start(): A session had already been started - ignoring in /opt/lampp/htdocs/proyectos/proyecto_opg_nuevo/index.php on line 44
[23-Mar-2022 15:50:46 Europe/Berlin] PHP Notice:  session_start(): A session had already been started - ignoring in /opt/lampp/htdocs/proyectos/proyecto_opg_nuevo/index.php on line 44
[23-Mar-2022 15:54:54 Europe/Berlin] PHP Notice:  session_start(): A session had already been started - ignoring in /opt/lampp/htdocs/proyectos/proyecto_opg_nuevo/index.php on line 44
[23-Mar-2022 15:55:34 Europe/Berlin] PHP Notice:  session_start(): A session had already been started - ignoring in /opt/lampp/htdocs/proyectos/proyecto_opg_nuevo/index.php on line 44
[23-Mar-2022 15:56:46 Europe/Berlin] PHP Notice:  session_start(): A session had already been started - ignoring in /opt/lampp/htdocs/proyectos/proyecto_opg_nuevo/index.php on line 44
[23-Mar-2022 17:13:20 Europe/Berlin] PHP Notice:  session_start(): A session had already been started - ignoring in /opt/lampp/htdocs/proyectos/proyecto_opg_nuevo/index.php on line 44
[23-Mar-2022 17:13:41 Europe/Berlin] PHP Notice:  session_start(): A session had already been started - ignoring in /opt/lampp/htdocs/proyectos/proyecto_opg_nuevo/index.php on line 44
[23-Mar-2022 17:14:01 Europe/Berlin] PHP Notice:  session_start(): A session had already been started - ignoring in /opt/lampp/htdocs/proyectos/proyecto_opg_nuevo/index.php on line 44
[23-Mar-2022 17:14:57 Europe/Berlin] PHP Notice:  session_start(): A session had already been started - ignoring in /opt/lampp/htdocs/proyectos/proyecto_opg_nuevo/index.php on line 44
[23-Mar-2022 17:15:51 Europe/Berlin] PHP Notice:  session_start(): A session had already been started - ignoring in /opt/lampp/htdocs/proyectos/proyecto_opg_nuevo/index.php on line 44
[23-Mar-2022 17:39:29 Europe/Berlin] PHP Notice:  session_start(): A session had already been started - ignoring in /opt/lampp/htdocs/proyectos/proyecto_opg_nuevo/index.php on line 44
[23-Mar-2022 18:00:41 Europe/Berlin] PHP Notice:  session_start(): A session had already been started - ignoring in /opt/lampp/htdocs/proyectos/proyecto_opg_nuevo/index.php on line 44
[23-Mar-2022 18:05:19 Europe/Berlin] PHP Notice:  session_start(): A session had already been started - ignoring in /opt/lampp/htdocs/proyectos/proyecto_opg_nuevo/index.php on line 44
[23-Mar-2022 18:17:06 Europe/Berlin] PHP Notice:  session_start(): A session had already been started - ignoring in /opt/lampp/htdocs/proyectos/proyecto_opg_nuevo/index.php on line 44
[23-Mar-2022 18:23:17 Europe/Berlin] PHP Notice:  session_start(): A session had already been started - ignoring in /opt/lampp/htdocs/proyectos/proyecto_opg_nuevo/index.php on line 44
[23-Mar-2022 18:26:46 Europe/Berlin] PHP Notice:  session_start(): A session had already been started - ignoring in /opt/lampp/htdocs/proyectos/proyecto_opg_nuevo/index.php on line 44
[23-Mar-2022 18:28:22 Europe/Berlin] PHP Notice:  session_start(): A session had already been started - ignoring in /opt/lampp/htdocs/proyectos/proyecto_opg_nuevo/index.php on line 44
[23-Mar-2022 18:28:55 Europe/Berlin] PHP Notice:  session_start(): A session had already been started - ignoring in /opt/lampp/htdocs/proyectos/proyecto_opg_nuevo/index.php on line 44
[23-Mar-2022 18:29:30 Europe/Berlin] PHP Notice:  session_start(): A session had already been started - ignoring in /opt/lampp/htdocs/proyectos/proyecto_opg_nuevo/index.php on line 44
[23-Mar-2022 18:30:19 Europe/Berlin] PHP Notice:  session_start(): A session had already been started - ignoring in /opt/lampp/htdocs/proyectos/proyecto_opg_nuevo/index.php on line 44
[23-Mar-2022 18:30:58 Europe/Berlin] PHP Notice:  session_start(): A session had already been started - ignoring in /opt/lampp/htdocs/proyectos/proyecto_opg_nuevo/index.php on line 44
[23-Mar-2022 18:31:24 Europe/Berlin] PHP Notice:  session_start(): A session had already been started - ignoring in /opt/lampp/htdocs/proyectos/proyecto_opg_nuevo/index.php on line 44
[23-Mar-2022 18:35:35 Europe/Berlin] PHP Notice:  session_start(): A session had already been started - ignoring in /opt/lampp/htdocs/proyectos/proyecto_opg_nuevo/index.php on line 44
[23-Mar-2022 18:38:09 Europe/Berlin] PHP Notice:  session_start(): A session had already been started - ignoring in /opt/lampp/htdocs/proyectos/proyecto_opg_nuevo/index.php on line 44
[23-Mar-2022 18:41:22 Europe/Berlin] PHP Notice:  session_start(): A session had already been started - ignoring in /opt/lampp/htdocs/proyectos/proyecto_opg_nuevo/index.php on line 44
[23-Mar-2022 18:41:51 Europe/Berlin] PHP Notice:  session_start(): A session had already been started - ignoring in /opt/lampp/htdocs/proyectos/proyecto_opg_nuevo/index.php on line 44
[23-Mar-2022 18:43:36 Europe/Berlin] PHP Notice:  session_start(): A session had already been started - ignoring in /opt/lampp/htdocs/proyectos/proyecto_opg_nuevo/index.php on line 44
[23-Mar-2022 18:45:08 Europe/Berlin] PHP Notice:  session_start(): A session had already been started - ignoring in /opt/lampp/htdocs/proyectos/proyecto_opg_nuevo/index.php on line 44
[23-Mar-2022 18:45:35 Europe/Berlin] PHP Notice:  session_start(): A session had already been started - ignoring in /opt/lampp/htdocs/proyectos/proyecto_opg_nuevo/index.php on line 44
[23-Mar-2022 18:49:18 Europe/Berlin] PHP Notice:  session_start(): A session had already been started - ignoring in /opt/lampp/htdocs/proyectos/proyecto_opg_nuevo/index.php on line 44
[23-Mar-2022 18:49:26 Europe/Berlin] PHP Notice:  session_start(): A session had already been started - ignoring in /opt/lampp/htdocs/proyectos/proyecto_opg_nuevo/index.php on line 44
[23-Mar-2022 18:49:37 Europe/Berlin] PHP Notice:  session_start(): A session had already been started - ignoring in /opt/lampp/htdocs/proyectos/proyecto_opg_nuevo/index.php on line 44
[23-Mar-2022 18:51:53 Europe/Berlin] PHP Notice:  session_start(): A session had already been started - ignoring in /opt/lampp/htdocs/proyectos/proyecto_opg_nuevo/index.php on line 44
[23-Mar-2022 18:53:47 Europe/Berlin] PHP Notice:  session_start(): A session had already been started - ignoring in /opt/lampp/htdocs/proyectos/proyecto_opg_nuevo/index.php on line 44
[23-Mar-2022 18:54:27 Europe/Berlin] PHP Notice:  session_start(): A session had already been started - ignoring in /opt/lampp/htdocs/proyectos/proyecto_opg_nuevo/index.php on line 44
[23-Mar-2022 18:55:53 Europe/Berlin] PHP Notice:  session_start(): A session had already been started - ignoring in /opt/lampp/htdocs/proyectos/proyecto_opg_nuevo/index.php on line 44
[23-Mar-2022 18:56:40 Europe/Berlin] PHP Notice:  session_start(): A session had already been started - ignoring in /opt/lampp/htdocs/proyectos/proyecto_opg_nuevo/index.php on line 44
[23-Mar-2022 18:57:49 Europe/Berlin] PHP Notice:  session_start(): A session had already been started - ignoring in /opt/lampp/htdocs/proyectos/proyecto_opg_nuevo/index.php on line 44
[23-Mar-2022 18:58:15 Europe/Berlin] PHP Notice:  session_start(): A session had already been started - ignoring in /opt/lampp/htdocs/proyectos/proyecto_opg_nuevo/index.php on line 44
[23-Mar-2022 18:58:48 Europe/Berlin] PHP Notice:  session_start(): A session had already been started - ignoring in /opt/lampp/htdocs/proyectos/proyecto_opg_nuevo/index.php on line 44
[23-Mar-2022 18:59:55 Europe/Berlin] PHP Notice:  session_start(): A session had already been started - ignoring in /opt/lampp/htdocs/proyectos/proyecto_opg_nuevo/index.php on line 44
[23-Mar-2022 19:00:18 Europe/Berlin] PHP Notice:  session_start(): A session had already been started - ignoring in /opt/lampp/htdocs/proyectos/proyecto_opg_nuevo/index.php on line 44
[23-Mar-2022 19:01:07 Europe/Berlin] PHP Notice:  session_start(): A session had already been started - ignoring in /opt/lampp/htdocs/proyectos/proyecto_opg_nuevo/index.php on line 44
[23-Mar-2022 15:30:42 Europe/Berlin] PHP Notice:  session_start(): A session had already been started - ignoring in /opt/lampp/htdocs/proyectos/proyecto_opg_nuevo/index.php on line 44
[09-Aug-2022 17:07:25 Europe/Berlin] PHP Notice:  session_start(): A session had already been started - ignoring in /opt/lampp/htdocs/proyectos/proyecto_opg_nuevo/index.php on line 44
[09-Aug-2022 17:09:14 Europe/Berlin] PHP Notice:  session_start(): A session had already been started - ignoring in /opt/lampp/htdocs/proyectos/proyecto_opg_nuevo/index.php on line 44
[09-Aug-2022 17:12:40 Europe/Berlin] PHP Notice:  session_start(): A session had already been started - ignoring in /opt/lampp/htdocs/proyectos/proyecto_opg_nuevo/index.php on line 44
[09-Aug-2022 17:21:48 Europe/Berlin] PHP Notice:  session_start(): A session had already been started - ignoring in /opt/lampp/htdocs/proyectos/proyecto_opg_nuevo/index.php on line 44
[09-Aug-2022 17:22:04 Europe/Berlin] PHP Notice:  session_start(): A session had already been started - ignoring in /opt/lampp/htdocs/proyectos/proyecto_opg_nuevo/index.php on line 44
[09-Aug-2022 17:22:30 Europe/Berlin] PHP Notice:  session_start(): A session had already been started - ignoring in /opt/lampp/htdocs/proyectos/proyecto_opg_nuevo/index.php on line 44
[09-Aug-2022 17:23:02 Europe/Berlin] PHP Notice:  session_start(): A session had already been started - ignoring in /opt/lampp/htdocs/proyectos/proyecto_opg_nuevo/index.php on line 44
[09-Aug-2022 17:23:23 Europe/Berlin] PHP Notice:  session_start(): A session had already been started - ignoring in /opt/lampp/htdocs/proyectos/proyecto_opg_nuevo/index.php on line 44
[09-Aug-2022 17:29:45 Europe/Berlin] PHP Notice:  session_start(): A session had already been started - ignoring in /opt/lampp/htdocs/proyectos/proyecto_opg_nuevo/index.php on line 44
[09-Aug-2022 20:20:01 Europe/Berlin] PHP Notice:  session_start(): A session had already been started - ignoring in /opt/lampp/htdocs/proyectos/proyecto_opg_nuevo/index.php on line 44
[09-Aug-2022 20:20:14 Europe/Berlin] PHP Notice:  session_start(): A session had already been started - ignoring in /opt/lampp/htdocs/proyectos/proyecto_opg_nuevo/index.php on line 44
[09-Aug-2022 22:39:25 Europe/Berlin] PHP Notice:  session_start(): A session had already been started - ignoring in /opt/lampp/htdocs/proyectos/proyecto_opg_nuevo/index.php on line 44
[09-Aug-2022 22:40:20 Europe/Berlin] PHP Notice:  session_start(): A session had already been started - ignoring in /opt/lampp/htdocs/proyectos/proyecto_opg_nuevo/index.php on line 44
[09-Aug-2022 22:44:22 Europe/Berlin] PHP Notice:  session_start(): A session had already been started - ignoring in /opt/lampp/htdocs/proyectos/proyecto_opg_nuevo/index.php on line 44
[09-Aug-2022 22:45:33 Europe/Berlin] PHP Notice:  session_start(): A session had already been started - ignoring in /opt/lampp/htdocs/proyectos/proyecto_opg_nuevo/index.php on line 44
[09-Aug-2022 22:46:59 Europe/Berlin] PHP Notice:  session_start(): A session had already been started - ignoring in /opt/lampp/htdocs/proyectos/proyecto_opg_nuevo/index.php on line 44
[09-Aug-2022 22:48:25 Europe/Berlin] PHP Notice:  session_start(): A session had already been started - ignoring in /opt/lampp/htdocs/proyectos/proyecto_opg_nuevo/index.php on line 44
[09-Aug-2022 22:48:51 Europe/Berlin] PHP Notice:  session_start(): A session had already been started - ignoring in /opt/lampp/htdocs/proyectos/proyecto_opg_nuevo/index.php on line 44
[09-Aug-2022 22:49:57 Europe/Berlin] PHP Notice:  session_start(): A session had already been started - ignoring in /opt/lampp/htdocs/proyectos/proyecto_opg_nuevo/index.php on line 44
[09-Aug-2022 22:57:22 Europe/Berlin] PHP Notice:  session_start(): A session had already been started - ignoring in /opt/lampp/htdocs/proyectos/proyecto_opg_nuevo/index.php on line 44
[09-Aug-2022 22:57:47 Europe/Berlin] PHP Notice:  session_start(): A session had already been started - ignoring in /opt/lampp/htdocs/proyectos/proyecto_opg_nuevo/index.php on line 44
[09-Aug-2022 22:58:19 Europe/Berlin] PHP Notice:  session_start(): A session had already been started - ignoring in /opt/lampp/htdocs/proyectos/proyecto_opg_nuevo/index.php on line 44
[09-Aug-2022 23:26:46 Europe/Berlin] PHP Notice:  session_start(): A session had already been started - ignoring in /opt/lampp/htdocs/proyectos/proyecto_opg_nuevo/index.php on line 44
[09-Aug-2022 23:27:10 Europe/Berlin] PHP Notice:  session_start(): A session had already been started - ignoring in /opt/lampp/htdocs/proyectos/proyecto_opg_nuevo/index.php on line 44
[09-Aug-2022 23:27:16 Europe/Berlin] PHP Notice:  session_start(): A session had already been started - ignoring in /opt/lampp/htdocs/proyectos/proyecto_opg_nuevo/index.php on line 44
[09-Aug-2022 23:29:05 Europe/Berlin] PHP Notice:  session_start(): A session had already been started - ignoring in /opt/lampp/htdocs/proyectos/proyecto_opg_nuevo/index.php on line 44
[09-Aug-2022 23:35:47 Europe/Berlin] PHP Notice:  session_start(): A session had already been started - ignoring in /opt/lampp/htdocs/proyectos/proyecto_opg_nuevo/index.php on line 44
[09-Aug-2022 23:39:43 Europe/Berlin] PHP Notice:  session_start(): A session had already been started - ignoring in /opt/lampp/htdocs/proyectos/proyecto_opg_nuevo/index.php on line 44
[09-Aug-2022 23:42:36 Europe/Berlin] PHP Notice:  session_start(): A session had already been started - ignoring in /opt/lampp/htdocs/proyectos/proyecto_opg_nuevo/index.php on line 44
[09-Aug-2022 23:43:25 Europe/Berlin] PHP Notice:  session_start(): A session had already been started - ignoring in /opt/lampp/htdocs/proyectos/proyecto_opg_nuevo/index.php on line 44
[09-Aug-2022 23:43:57 Europe/Berlin] PHP Notice:  session_start(): A session had already been started - ignoring in /opt/lampp/htdocs/proyectos/proyecto_opg_nuevo/index.php on line 44
[09-Aug-2022 23:44:23 Europe/Berlin] PHP Notice:  session_start(): A session had already been started - ignoring in /opt/lampp/htdocs/proyectos/proyecto_opg_nuevo/index.php on line 44
[09-Aug-2022 23:48:20 Europe/Berlin] PHP Notice:  session_start(): A session had already been started - ignoring in /opt/lampp/htdocs/proyectos/proyecto_opg_nuevo/index.php on line 44
[23-Mar-2022 14:59:20 Europe/Berlin] PHP Notice:  session_start(): A session had already been started - ignoring in /opt/lampp/htdocs/proyectos/proyecto_opg_nuevo/index.php on line 44
[23-Mar-2022 15:01:25 Europe/Berlin] PHP Notice:  session_start(): A session had already been started - ignoring in /opt/lampp/htdocs/proyectos/proyecto_opg_nuevo/index.php on line 44
[23-Mar-2022 15:13:48 Europe/Berlin] PHP Notice:  session_start(): A session had already been started - ignoring in /opt/lampp/htdocs/proyectos/proyecto_opg_nuevo/index.php on line 44
[23-Mar-2022 15:13:50 Europe/Berlin] PHP Notice:  session_start(): A session had already been started - ignoring in /opt/lampp/htdocs/proyectos/proyecto_opg_nuevo/index.php on line 44
[23-Mar-2022 15:14:39 Europe/Berlin] PHP Notice:  session_start(): A session had already been started - ignoring in /opt/lampp/htdocs/proyectos/proyecto_opg_nuevo/index.php on line 44
[23-Mar-2022 15:16:00 Europe/Berlin] PHP Notice:  session_start(): A session had already been started - ignoring in /opt/lampp/htdocs/proyectos/proyecto_opg_nuevo/index.php on line 44
[23-Mar-2022 15:16:27 Europe/Berlin] PHP Notice:  session_start(): A session had already been started - ignoring in /opt/lampp/htdocs/proyectos/proyecto_opg_nuevo/index.php on line 44
[23-Mar-2022 15:17:12 Europe/Berlin] PHP Notice:  session_start(): A session had already been started - ignoring in /opt/lampp/htdocs/proyectos/proyecto_opg_nuevo/index.php on line 44
[23-Mar-2022 15:17:29 Europe/Berlin] PHP Notice:  session_start(): A session had already been started - ignoring in /opt/lampp/htdocs/proyectos/proyecto_opg_nuevo/index.php on line 44
[23-Mar-2022 15:18:07 Europe/Berlin] PHP Notice:  session_start(): A session had already been started - ignoring in /opt/lampp/htdocs/proyectos/proyecto_opg_nuevo/index.php on line 44
[23-Mar-2022 15:19:05 Europe/Berlin] PHP Notice:  session_start(): A session had already been started - ignoring in /opt/lampp/htdocs/proyectos/proyecto_opg_nuevo/index.php on line 44
[23-Mar-2022 15:20:10 Europe/Berlin] PHP Notice:  session_start(): A session had already been started - ignoring in /opt/lampp/htdocs/proyectos/proyecto_opg_nuevo/index.php on line 44
[23-Mar-2022 15:23:38 Europe/Berlin] PHP Notice:  session_start(): A session had already been started - ignoring in /opt/lampp/htdocs/proyectos/proyecto_opg_nuevo/index.php on line 44
[23-Mar-2022 15:24:09 Europe/Berlin] PHP Notice:  session_start(): A session had already been started - ignoring in /opt/lampp/htdocs/proyectos/proyecto_opg_nuevo/index.php on line 44
[23-Mar-2022 15:29:05 Europe/Berlin] PHP Notice:  session_start(): A session had already been started - ignoring in /opt/lampp/htdocs/proyectos/proyecto_opg_nuevo/index.php on line 44
[23-Mar-2022 15:31:54 Europe/Berlin] PHP Notice:  session_start(): A session had already been started - ignoring in /opt/lampp/htdocs/proyectos/proyecto_opg_nuevo/index.php on line 44
[23-Mar-2022 15:32:34 Europe/Berlin] PHP Notice:  session_start(): A session had already been started - ignoring in /opt/lampp/htdocs/proyectos/proyecto_opg_nuevo/index.php on line 44
[23-Mar-2022 15:33:28 Europe/Berlin] PHP Notice:  session_start(): A session had already been started - ignoring in /opt/lampp/htdocs/proyectos/proyecto_opg_nuevo/index.php on line 44
[23-Mar-2022 15:34:49 Europe/Berlin] PHP Notice:  session_start(): A session had already been started - ignoring in /opt/lampp/htdocs/proyectos/proyecto_opg_nuevo/index.php on line 44
[23-Mar-2022 15:45:08 Europe/Berlin] PHP Notice:  session_start(): A session had already been started - ignoring in /opt/lampp/htdocs/proyectos/proyecto_opg_nuevo/index.php on line 44
[23-Mar-2022 16:15:36 Europe/Berlin] PHP Notice:  session_start(): A session had already been started - ignoring in /opt/lampp/htdocs/proyectos/proyecto_opg_nuevo/index.php on line 44
[23-Mar-2022 16:15:42 Europe/Berlin] PHP Notice:  session_start(): A session had already been started - ignoring in /opt/lampp/htdocs/proyectos/proyecto_opg_nuevo/index.php on line 44
[23-Mar-2022 16:16:20 Europe/Berlin] PHP Notice:  session_start(): A session had already been started - ignoring in /opt/lampp/htdocs/proyectos/proyecto_opg_nuevo/index.php on line 44
[23-Mar-2022 16:19:40 Europe/Berlin] PHP Notice:  session_start(): A session had already been started - ignoring in /opt/lampp/htdocs/proyectos/proyecto_opg_nuevo/index.php on line 44
[23-Mar-2022 16:21:10 Europe/Berlin] PHP Notice:  session_start(): A session had already been started - ignoring in /opt/lampp/htdocs/proyectos/proyecto_opg_nuevo/index.php on line 44
[23-Mar-2022 16:23:56 Europe/Berlin] PHP Notice:  session_start(): A session had already been started - ignoring in /opt/lampp/htdocs/proyectos/proyecto_opg_nuevo/index.php on line 44
[23-Mar-2022 16:24:46 Europe/Berlin] PHP Notice:  session_start(): A session had already been started - ignoring in /opt/lampp/htdocs/proyectos/proyecto_opg_nuevo/index.php on line 44
[23-Mar-2022 16:26:05 Europe/Berlin] PHP Notice:  session_start(): A session had already been started - ignoring in /opt/lampp/htdocs/proyectos/proyecto_opg_nuevo/index.php on line 44
[23-Mar-2022 16:40:01 Europe/Berlin] PHP Notice:  session_start(): A session had already been started - ignoring in /opt/lampp/htdocs/proyectos/proyecto_opg_nuevo/index.php on line 44
[23-Mar-2022 16:40:25 Europe/Berlin] PHP Notice:  session_start(): A session had already been started - ignoring in /opt/lampp/htdocs/proyectos/proyecto_opg_nuevo/index.php on line 44
[23-Mar-2022 16:41:36 Europe/Berlin] PHP Notice:  session_start(): A session had already been started - ignoring in /opt/lampp/htdocs/proyectos/proyecto_opg_nuevo/index.php on line 44
[23-Mar-2022 16:57:14 Europe/Berlin] PHP Notice:  session_start(): A session had already been started - ignoring in /opt/lampp/htdocs/proyectos/proyecto_opg_nuevo/index.php on line 44
[23-Mar-2022 16:58:58 Europe/Berlin] PHP Notice:  session_start(): A session had already been started - ignoring in /opt/lampp/htdocs/proyectos/proyecto_opg_nuevo/index.php on line 44
[23-Mar-2022 17:41:45 Europe/Berlin] PHP Notice:  session_start(): A session had already been started - ignoring in /opt/lampp/htdocs/proyectos/proyecto_opg_nuevo/index.php on line 44
[23-Mar-2022 17:43:11 Europe/Berlin] PHP Notice:  session_start(): A session had already been started - ignoring in /opt/lampp/htdocs/proyectos/proyecto_opg_nuevo/index.php on line 44
[23-Mar-2022 17:44:02 Europe/Berlin] PHP Notice:  session_start(): A session had already been started - ignoring in /opt/lampp/htdocs/proyectos/proyecto_opg_nuevo/index.php on line 44
[23-Mar-2022 17:44:14 Europe/Berlin] PHP Notice:  session_start(): A session had already been started - ignoring in /opt/lampp/htdocs/proyectos/proyecto_opg_nuevo/index.php on line 44
[23-Mar-2022 17:44:42 Europe/Berlin] PHP Notice:  session_start(): A session had already been started - ignoring in /opt/lampp/htdocs/proyectos/proyecto_opg_nuevo/index.php on line 44
[23-Mar-2022 17:46:11 Europe/Berlin] PHP Notice:  session_start(): A session had already been started - ignoring in /opt/lampp/htdocs/proyectos/proyecto_opg_nuevo/index.php on line 44
[23-Mar-2022 17:48:05 Europe/Berlin] PHP Notice:  session_start(): A session had already been started - ignoring in /opt/lampp/htdocs/proyectos/proyecto_opg_nuevo/index.php on line 44
[23-Mar-2022 17:51:53 Europe/Berlin] PHP Notice:  session_start(): A session had already been started - ignoring in /opt/lampp/htdocs/proyectos/proyecto_opg_nuevo/index.php on line 44
[23-Mar-2022 17:54:01 Europe/Berlin] PHP Notice:  session_start(): A session had already been started - ignoring in /opt/lampp/htdocs/proyectos/proyecto_opg_nuevo/index.php on line 44
[23-Mar-2022 17:54:35 Europe/Berlin] PHP Notice:  session_start(): A session had already been started - ignoring in /opt/lampp/htdocs/proyectos/proyecto_opg_nuevo/index.php on line 44
[23-Mar-2022 17:55:17 Europe/Berlin] PHP Notice:  session_start(): A session had already been started - ignoring in /opt/lampp/htdocs/proyectos/proyecto_opg_nuevo/index.php on line 44
[23-Mar-2022 17:56:11 Europe/Berlin] PHP Notice:  session_start(): A session had already been started - ignoring in /opt/lampp/htdocs/proyectos/proyecto_opg_nuevo/index.php on line 44
[23-Mar-2022 17:57:21 Europe/Berlin] PHP Notice:  session_start(): A session had already been started - ignoring in /opt/lampp/htdocs/proyectos/proyecto_opg_nuevo/index.php on line 44
[23-Mar-2022 17:59:18 Europe/Berlin] PHP Notice:  session_start(): A session had already been started - ignoring in /opt/lampp/htdocs/proyectos/proyecto_opg_nuevo/index.php on line 44
[23-Mar-2022 17:59:39 Europe/Berlin] PHP Notice:  session_start(): A session had already been started - ignoring in /opt/lampp/htdocs/proyectos/proyecto_opg_nuevo/index.php on line 44
[23-Mar-2022 18:00:31 Europe/Berlin] PHP Notice:  session_start(): A session had already been started - ignoring in /opt/lampp/htdocs/proyectos/proyecto_opg_nuevo/index.php on line 44
[23-Mar-2022 18:01:25 Europe/Berlin] PHP Notice:  session_start(): A session had already been started - ignoring in /opt/lampp/htdocs/proyectos/proyecto_opg_nuevo/index.php on line 44
[23-Mar-2022 18:01:48 Europe/Berlin] PHP Notice:  session_start(): A session had already been started - ignoring in /opt/lampp/htdocs/proyectos/proyecto_opg_nuevo/index.php on line 44
[23-Mar-2022 18:06:52 Europe/Berlin] PHP Notice:  session_start(): A session had already been started - ignoring in /opt/lampp/htdocs/proyectos/proyecto_opg_nuevo/index.php on line 44
[23-Mar-2022 18:07:39 Europe/Berlin] PHP Notice:  session_start(): A session had already been started - ignoring in /opt/lampp/htdocs/proyectos/proyecto_opg_nuevo/index.php on line 44
[23-Mar-2022 18:07:58 Europe/Berlin] PHP Notice:  session_start(): A session had already been started - ignoring in /opt/lampp/htdocs/proyectos/proyecto_opg_nuevo/index.php on line 44
[23-Mar-2022 18:10:30 Europe/Berlin] PHP Notice:  session_start(): A session had already been started - ignoring in /opt/lampp/htdocs/proyectos/proyecto_opg_nuevo/index.php on line 44
[23-Mar-2022 18:15:38 Europe/Berlin] PHP Notice:  session_start(): A session had already been started - ignoring in /opt/lampp/htdocs/proyectos/proyecto_opg_nuevo/index.php on line 44
[23-Mar-2022 18:18:19 Europe/Berlin] PHP Notice:  session_start(): A session had already been started - ignoring in /opt/lampp/htdocs/proyectos/proyecto_opg_nuevo/index.php on line 44
[12-Aug-2022 18:53:02 Europe/Berlin] PHP Notice:  session_start(): A session had already been started - ignoring in /opt/lampp/htdocs/proyectos/proyecto_opg_nuevo/index.php on line 44
[12-Aug-2022 18:53:21 Europe/Berlin] PHP Notice:  session_start(): A session had already been started - ignoring in /opt/lampp/htdocs/proyectos/proyecto_opg_nuevo/index.php on line 44
[12-Aug-2022 18:59:55 Europe/Berlin] PHP Notice:  session_start(): A session had already been started - ignoring in /opt/lampp/htdocs/proyectos/proyecto_opg_nuevo/index.php on line 44
[12-Aug-2022 19:03:13 Europe/Berlin] PHP Notice:  session_start(): A session had already been started - ignoring in /opt/lampp/htdocs/proyectos/proyecto_opg_nuevo/index.php on line 44
[12-Aug-2022 19:17:42 Europe/Berlin] PHP Notice:  session_start(): A session had already been started - ignoring in /opt/lampp/htdocs/proyectos/proyecto_opg_nuevo/index.php on line 44
[12-Aug-2022 21:11:10 Europe/Berlin] PHP Notice:  session_start(): A session had already been started - ignoring in /opt/lampp/htdocs/proyectos/proyecto_opg_nuevo/index.php on line 44
[12-Aug-2022 21:11:23 Europe/Berlin] PHP Notice:  session_start(): A session had already been started - ignoring in /opt/lampp/htdocs/proyectos/proyecto_opg_nuevo/index.php on line 44
[12-Aug-2022 21:31:07 Europe/Berlin] PHP Notice:  session_start(): A session had already been started - ignoring in /opt/lampp/htdocs/proyectos/proyecto_opg_nuevo/index.php on line 44
[12-Aug-2022 21:33:41 Europe/Berlin] PHP Notice:  session_start(): A session had already been started - ignoring in /opt/lampp/htdocs/proyectos/proyecto_opg_nuevo/index.php on line 44
